2025-10-12 21:41:33.933 [http-nio-8084-exec-1] DEBUG DATA_ACCESS - DATA_ACCESS_SUCCESS | Operation: $Proxy139.findByEmail | Entity: repository | Timestamp: 1760294493933
2025-10-12 21:41:33.935 [http-nio-8084-exec-1] DEBUG DATA_ACCESS - DATA_ACCESS_SUCCESS | Operation: $Proxy140.findByEmail | Entity: repository | Timestamp: 1760294493935
2025-10-12 21:41:42.664 [http-nio-8084-exec-7] DEBUG DATA_ACCESS - DATA_ACCESS_SUCCESS | Operation: $Proxy139.findByEmail | Entity: repository | Timestamp: 1760294502664
2025-10-12 21:41:42.672 [http-nio-8084-exec-7] DEBUG DATA_ACCESS - DATA_ACCESS_SUCCESS | Operation: $Proxy140.findByEmail | Entity: repository | Timestamp: 1760294502672
2025-10-12 21:41:42.744 [http-nio-8084-exec-8] DEBUG DATA_ACCESS - DATA_ACCESS_SUCCESS | Operation: $Proxy139.findByEmail | Entity: repository | Timestamp: 1760294502744
2025-10-12 21:41:42.746 [http-nio-8084-exec-8] DEBUG DATA_ACCESS - DATA_ACCESS_SUCCESS | Operation: $Proxy140.findByEmail | Entity: repository | Timestamp: 1760294502746
2025-10-12 21:41:43.850 [http-nio-8084-exec-9] DEBUG DATA_ACCESS - DATA_ACCESS_SUCCESS | Operation: $Proxy139.findByEmail | Entity: repository | Timestamp: 1760294503850
2025-10-12 21:41:43.852 [http-nio-8084-exec-9] DEBUG DATA_ACCESS - DATA_ACCESS_SUCCESS | Operation: $Proxy140.findByEmail | Entity: repository | Timestamp: 1760294503852
2025-10-12 21:41:43.859 [http-nio-8084-exec-9] DEBUG DATA_ACCESS - DATA_ACCESS_SUCCESS | Operation: GET_ALL_BOOKS | Entity: Book | Timestamp: 1760294503859
2025-10-12 21:41:43.874 [http-nio-8084-exec-9] DEBUG DATA_ACCESS - DATA_ACCESS_SUCCESS | Operation: $Proxy146.findAll | Entity: repository | Timestamp: 1760294503874
2025-10-12 21:41:43.900 [http-nio-8084-exec-9] DEBUG DATA_ACCESS - DATA_ACCESS_SUCCESS | Operation: BookServiceImpl.getAllBooks | Entity: service | Timestamp: 1760294503900
2025-10-12 21:41:45.612 [http-nio-8084-exec-10] DEBUG DATA_ACCESS - DATA_ACCESS_SUCCESS | Operation: $Proxy139.findByEmail | Entity: repository | Timestamp: 1760294505612
2025-10-12 21:41:45.614 [http-nio-8084-exec-10] DEBUG DATA_ACCESS - DATA_ACCESS_SUCCESS | Operation: $Proxy140.findByEmail | Entity: repository | Timestamp: 1760294505614
2025-10-12 21:41:45.618 [http-nio-8084-exec-10] DEBUG DATA_ACCESS - DATA_ACCESS_SUCCESS | Operation: $Proxy146.findByName | Entity: repository | Timestamp: 1760294505618
2025-10-12 21:41:45.618 [http-nio-8084-exec-10] DEBUG DATA_ACCESS - DATA_ACCESS_SUCCESS | Operation: BookServiceImpl.getBookByName | Entity: service | Timestamp: 1760294505618
2025-10-12 21:41:48.370 [http-nio-8084-exec-1] DEBUG DATA_ACCESS - DATA_ACCESS_SUCCESS | Operation: $Proxy139.findByEmail | Entity: repository | Timestamp: 1760294508370
2025-10-12 21:41:48.372 [http-nio-8084-exec-1] DEBUG DATA_ACCESS - DATA_ACCESS_SUCCESS | Operation: $Proxy140.findByEmail | Entity: repository | Timestamp: 1760294508372
2025-10-12 21:41:48.374 [http-nio-8084-exec-1] DEBUG DATA_ACCESS - DATA_ACCESS_SUCCESS | Operation: $Proxy146.findByName | Entity: repository | Timestamp: 1760294508374
2025-10-12 21:41:48.375 [http-nio-8084-exec-1] DEBUG DATA_ACCESS - DATA_ACCESS_SUCCESS | Operation: BookServiceImpl.getBookByName | Entity: service | Timestamp: 1760294508375
2025-10-12 21:41:51.034 [http-nio-8084-exec-2] DEBUG DATA_ACCESS - DATA_ACCESS_SUCCESS | Operation: $Proxy139.findByEmail | Entity: repository | Timestamp: 1760294511034
2025-10-12 21:41:51.036 [http-nio-8084-exec-2] DEBUG DATA_ACCESS - DATA_ACCESS_SUCCESS | Operation: $Proxy140.findByEmail | Entity: repository | Timestamp: 1760294511036
2025-10-12 21:41:52.534 [http-nio-8084-exec-3] DEBUG DATA_ACCESS - DATA_ACCESS_SUCCESS | Operation: $Proxy139.findByEmail | Entity: repository | Timestamp: 1760294512534
2025-10-12 21:41:52.536 [http-nio-8084-exec-3] DEBUG DATA_ACCESS - DATA_ACCESS_SUCCESS | Operation: $Proxy140.findByEmail | Entity: repository | Timestamp: 1760294512536
2025-10-12 21:41:52.540 [http-nio-8084-exec-3] DEBUG DATA_ACCESS - DATA_ACCESS_SUCCESS | Operation: $Proxy139.findAll | Entity: repository | Timestamp: 1760294512540
2025-10-12 21:41:52.541 [http-nio-8084-exec-3] DEBUG DATA_ACCESS - DATA_ACCESS_SUCCESS | Operation: ClientServiceImpl.getAllClients | Entity: service | Timestamp: 1760294512541
2025-10-12 21:41:55.876 [http-nio-8084-exec-4] DEBUG DATA_ACCESS - DATA_ACCESS_SUCCESS | Operation: $Proxy139.findByEmail | Entity: repository | Timestamp: 1760294515876
2025-10-12 21:41:55.878 [http-nio-8084-exec-4] DEBUG DATA_ACCESS - DATA_ACCESS_SUCCESS | Operation: $Proxy140.findByEmail | Entity: repository | Timestamp: 1760294515878
2025-10-12 21:41:55.885 [http-nio-8084-exec-4] DEBUG DATA_ACCESS - DATA_ACCESS_SUCCESS | Operation: $Proxy145.findAll | Entity: repository | Timestamp: 1760294515885
2025-10-12 21:41:55.886 [http-nio-8084-exec-4] DEBUG DATA_ACCESS - DATA_ACCESS_SUCCESS | Operation: OrderServiceImpl.getAllOrders | Entity: service | Timestamp: 1760294515886
2025-10-12 21:42:02.068 [http-nio-8084-exec-8] DEBUG DATA_ACCESS - DATA_ACCESS_SUCCESS | Operation: $Proxy139.existsByEmail | Entity: repository | Timestamp: 1760294522068
2025-10-12 21:42:02.157 [http-nio-8084-exec-8] DEBUG DATA_ACCESS - DATA_ACCESS_SUCCESS | Operation: $Proxy139.save | Entity: repository | Timestamp: 1760294522157
2025-10-12 21:42:02.158 [http-nio-8084-exec-8] DEBUG DATA_ACCESS - DATA_ACCESS_SUCCESS | Operation: ClientServiceImpl.addClient | Entity: service | Timestamp: 1760294522158
2025-10-12 21:42:03.883 [http-nio-8084-exec-2] DEBUG DATA_ACCESS - DATA_ACCESS_SUCCESS | Operation: $Proxy139.findByEmail | Entity: repository | Timestamp: 1760294523883
2025-10-12 21:42:03.956 [http-nio-8084-exec-3] DEBUG DATA_ACCESS - DATA_ACCESS_SUCCESS | Operation: $Proxy139.findByEmail | Entity: repository | Timestamp: 1760294523956
2025-10-12 21:42:03.958 [http-nio-8084-exec-3] DEBUG DATA_ACCESS - DATA_ACCESS_SUCCESS | Operation: $Proxy140.findByEmail | Entity: repository | Timestamp: 1760294523958
2025-10-12 21:42:04.464 [http-nio-8084-exec-4] DEBUG DATA_ACCESS - DATA_ACCESS_SUCCESS | Operation: $Proxy139.findByEmail | Entity: repository | Timestamp: 1760294524464
2025-10-12 21:42:04.466 [http-nio-8084-exec-4] DEBUG DATA_ACCESS - DATA_ACCESS_SUCCESS | Operation: $Proxy140.findByEmail | Entity: repository | Timestamp: 1760294524466
2025-10-12 21:42:04.466 [http-nio-8084-exec-4] DEBUG DATA_ACCESS - DATA_ACCESS_SUCCESS | Operation: GET_ALL_BOOKS | Entity: Book | Timestamp: 1760294524466
2025-10-12 21:42:04.471 [http-nio-8084-exec-4] DEBUG DATA_ACCESS - DATA_ACCESS_SUCCESS | Operation: $Proxy146.findAll | Entity: repository | Timestamp: 1760294524471
2025-10-12 21:42:04.473 [http-nio-8084-exec-4] DEBUG DATA_ACCESS - DATA_ACCESS_SUCCESS | Operation: BookServiceImpl.getAllBooks | Entity: service | Timestamp: 1760294524473
2025-10-12 21:42:05.518 [http-nio-8084-exec-5] DEBUG DATA_ACCESS - DATA_ACCESS_SUCCESS | Operation: $Proxy139.findByEmail | Entity: repository | Timestamp: 1760294525518
2025-10-12 21:42:05.519 [http-nio-8084-exec-5] DEBUG DATA_ACCESS - DATA_ACCESS_SUCCESS | Operation: $Proxy140.findByEmail | Entity: repository | Timestamp: 1760294525519
2025-10-12 21:42:05.521 [http-nio-8084-exec-5] DEBUG DATA_ACCESS - DATA_ACCESS_SUCCESS | Operation: $Proxy146.findByName | Entity: repository | Timestamp: 1760294525521
2025-10-12 21:42:05.521 [http-nio-8084-exec-5] DEBUG DATA_ACCESS - DATA_ACCESS_SUCCESS | Operation: BookServiceImpl.getBookByName | Entity: service | Timestamp: 1760294525521
2025-10-12 21:42:06.432 [http-nio-8084-exec-6] DEBUG DATA_ACCESS - DATA_ACCESS_SUCCESS | Operation: $Proxy139.findByEmail | Entity: repository | Timestamp: 1760294526432
2025-10-12 21:42:06.433 [http-nio-8084-exec-6] DEBUG DATA_ACCESS - DATA_ACCESS_SUCCESS | Operation: $Proxy140.findByEmail | Entity: repository | Timestamp: 1760294526433
2025-10-12 21:42:06.438 [http-nio-8084-exec-6] DEBUG DATA_ACCESS - DATA_ACCESS_SUCCESS | Operation: $Proxy146.findByName | Entity: repository | Timestamp: 1760294526438
2025-10-12 21:42:06.439 [http-nio-8084-exec-6] DEBUG DATA_ACCESS - DATA_ACCESS_SUCCESS | Operation: BookServiceImpl.getBookByName | Entity: service | Timestamp: 1760294526439
2025-10-12 21:42:06.446 [http-nio-8084-exec-7] DEBUG DATA_ACCESS - DATA_ACCESS_SUCCESS | Operation: $Proxy139.findByEmail | Entity: repository | Timestamp: 1760294526446
2025-10-12 21:42:06.447 [http-nio-8084-exec-7] DEBUG DATA_ACCESS - DATA_ACCESS_SUCCESS | Operation: $Proxy140.findByEmail | Entity: repository | Timestamp: 1760294526447
2025-10-12 21:42:06.448 [http-nio-8084-exec-7] DEBUG DATA_ACCESS - DATA_ACCESS_SUCCESS | Operation: GET_ALL_BOOKS | Entity: Book | Timestamp: 1760294526448
2025-10-12 21:42:06.452 [http-nio-8084-exec-7] DEBUG DATA_ACCESS - DATA_ACCESS_SUCCESS | Operation: $Proxy146.findAll | Entity: repository | Timestamp: 1760294526452
2025-10-12 21:42:06.455 [http-nio-8084-exec-7] DEBUG DATA_ACCESS - DATA_ACCESS_SUCCESS | Operation: BookServiceImpl.getAllBooks | Entity: service | Timestamp: 1760294526455
2025-10-12 21:42:07.492 [http-nio-8084-exec-8] DEBUG DATA_ACCESS - DATA_ACCESS_SUCCESS | Operation: $Proxy139.findByEmail | Entity: repository | Timestamp: 1760294527492
2025-10-12 21:42:07.493 [http-nio-8084-exec-8] DEBUG DATA_ACCESS - DATA_ACCESS_SUCCESS | Operation: $Proxy140.findByEmail | Entity: repository | Timestamp: 1760294527493
2025-10-12 21:42:07.498 [http-nio-8084-exec-8] DEBUG DATA_ACCESS - DATA_ACCESS_SUCCESS | Operation: $Proxy146.findByName | Entity: repository | Timestamp: 1760294527498
2025-10-12 21:42:07.498 [http-nio-8084-exec-8] DEBUG DATA_ACCESS - DATA_ACCESS_SUCCESS | Operation: BookServiceImpl.getBookByName | Entity: service | Timestamp: 1760294527498
2025-10-12 21:42:07.500 [http-nio-8084-exec-8] DEBUG DATA_ACCESS - DATA_ACCESS_SUCCESS | Operation: $Proxy139.findByEmail | Entity: repository | Timestamp: 1760294527500
2025-10-12 21:42:07.501 [http-nio-8084-exec-8] DEBUG DATA_ACCESS - DATA_ACCESS_SUCCESS | Operation: ClientServiceImpl.getClientByEmail | Entity: service | Timestamp: 1760294527501
2025-10-12 21:42:10.370 [http-nio-8084-exec-9] DEBUG DATA_ACCESS - DATA_ACCESS_SUCCESS | Operation: $Proxy139.findByEmail | Entity: repository | Timestamp: 1760294530370
2025-10-12 21:42:10.372 [http-nio-8084-exec-9] DEBUG DATA_ACCESS - DATA_ACCESS_SUCCESS | Operation: $Proxy140.findByEmail | Entity: repository | Timestamp: 1760294530372
2025-10-12 21:42:10.374 [http-nio-8084-exec-9] DEBUG DATA_ACCESS - DATA_ACCESS_SUCCESS | Operation: $Proxy139.findByEmail | Entity: repository | Timestamp: 1760294530374
2025-10-12 21:42:10.375 [http-nio-8084-exec-9] DEBUG DATA_ACCESS - DATA_ACCESS_SUCCESS | Operation: ClientServiceImpl.getClientByEmail | Entity: service | Timestamp: 1760294530375
2025-10-12 21:42:11.658 [http-nio-8084-exec-10] DEBUG DATA_ACCESS - DATA_ACCESS_SUCCESS | Operation: $Proxy139.findByEmail | Entity: repository | Timestamp: 1760294531658
2025-10-12 21:42:11.659 [http-nio-8084-exec-10] DEBUG DATA_ACCESS - DATA_ACCESS_SUCCESS | Operation: $Proxy140.findByEmail | Entity: repository | Timestamp: 1760294531659
2025-10-12 21:42:11.661 [http-nio-8084-exec-10] DEBUG DATA_ACCESS - DATA_ACCESS_SUCCESS | Operation: $Proxy139.findByEmail | Entity: repository | Timestamp: 1760294531661
2025-10-12 21:42:11.661 [http-nio-8084-exec-10] DEBUG DATA_ACCESS - DATA_ACCESS_SUCCESS | Operation: ClientServiceImpl.getClientByEmail | Entity: service | Timestamp: 1760294531661
2025-10-12 21:42:14.047 [http-nio-8084-exec-2] DEBUG DATA_ACCESS - DATA_ACCESS_SUCCESS | Operation: $Proxy139.findByEmail | Entity: repository | Timestamp: 1760294534047
2025-10-12 21:42:14.048 [http-nio-8084-exec-2] DEBUG DATA_ACCESS - DATA_ACCESS_SUCCESS | Operation: $Proxy140.findByEmail | Entity: repository | Timestamp: 1760294534048
2025-10-12 21:42:14.051 [http-nio-8084-exec-2] DEBUG DATA_ACCESS - DATA_ACCESS_SUCCESS | Operation: $Proxy139.findByEmail | Entity: repository | Timestamp: 1760294534051
2025-10-12 21:42:14.117 [http-nio-8084-exec-2] DEBUG DATA_ACCESS - DATA_ACCESS_SUCCESS | Operation: $Proxy139.save | Entity: repository | Timestamp: 1760294534117
2025-10-12 21:42:14.118 [http-nio-8084-exec-2] DEBUG DATA_ACCESS - DATA_ACCESS_SUCCESS | Operation: ClientServiceImpl.updateClientByEmail | Entity: service | Timestamp: 1760294534118
2025-10-12 21:42:14.132 [http-nio-8084-exec-3] DEBUG DATA_ACCESS - DATA_ACCESS_SUCCESS | Operation: $Proxy139.findByEmail | Entity: repository | Timestamp: 1760294534132
2025-10-12 21:42:14.133 [http-nio-8084-exec-3] DEBUG DATA_ACCESS - DATA_ACCESS_SUCCESS | Operation: $Proxy140.findByEmail | Entity: repository | Timestamp: 1760294534133
2025-10-12 21:42:14.134 [http-nio-8084-exec-3] DEBUG DATA_ACCESS - DATA_ACCESS_SUCCESS | Operation: $Proxy139.findByEmail | Entity: repository | Timestamp: 1760294534134
2025-10-12 21:42:14.134 [http-nio-8084-exec-3] DEBUG DATA_ACCESS - DATA_ACCESS_SUCCESS | Operation: ClientServiceImpl.getClientByEmail | Entity: service | Timestamp: 1760294534134
2025-10-12 21:42:16.105 [http-nio-8084-exec-4] DEBUG DATA_ACCESS - DATA_ACCESS_SUCCESS | Operation: $Proxy139.findByEmail | Entity: repository | Timestamp: 1760294536105
2025-10-12 21:42:16.107 [http-nio-8084-exec-4] DEBUG DATA_ACCESS - DATA_ACCESS_SUCCESS | Operation: $Proxy140.findByEmail | Entity: repository | Timestamp: 1760294536107
2025-10-12 21:42:16.109 [http-nio-8084-exec-4] DEBUG DATA_ACCESS - DATA_ACCESS_SUCCESS | Operation: $Proxy139.findByEmail | Entity: repository | Timestamp: 1760294536109
2025-10-12 21:42:16.109 [http-nio-8084-exec-4] DEBUG DATA_ACCESS - DATA_ACCESS_SUCCESS | Operation: ClientServiceImpl.getClientByEmail | Entity: service | Timestamp: 1760294536109
2025-10-12 21:42:17.929 [http-nio-8084-exec-5] DEBUG DATA_ACCESS - DATA_ACCESS_SUCCESS | Operation: $Proxy139.findByEmail | Entity: repository | Timestamp: 1760294537929
2025-10-12 21:42:17.931 [http-nio-8084-exec-5] DEBUG DATA_ACCESS - DATA_ACCESS_SUCCESS | Operation: $Proxy140.findByEmail | Entity: repository | Timestamp: 1760294537931
2025-10-12 21:42:17.933 [http-nio-8084-exec-5] DEBUG DATA_ACCESS - DATA_ACCESS_SUCCESS | Operation: $Proxy139.findByEmail | Entity: repository | Timestamp: 1760294537933
2025-10-12 21:42:17.933 [http-nio-8084-exec-5] DEBUG DATA_ACCESS - DATA_ACCESS_SUCCESS | Operation: ClientServiceImpl.getClientByEmail | Entity: service | Timestamp: 1760294537933
2025-10-12 21:42:18.595 [http-nio-8084-exec-6] DEBUG DATA_ACCESS - DATA_ACCESS_SUCCESS | Operation: $Proxy139.findByEmail | Entity: repository | Timestamp: 1760294538595
2025-10-12 21:42:18.597 [http-nio-8084-exec-6] DEBUG DATA_ACCESS - DATA_ACCESS_SUCCESS | Operation: $Proxy140.findByEmail | Entity: repository | Timestamp: 1760294538597
2025-10-12 21:42:18.598 [http-nio-8084-exec-6] DEBUG DATA_ACCESS - DATA_ACCESS_SUCCESS | Operation: GET_ALL_BOOKS | Entity: Book | Timestamp: 1760294538598
2025-10-12 21:42:18.601 [http-nio-8084-exec-6] DEBUG DATA_ACCESS - DATA_ACCESS_SUCCESS | Operation: $Proxy146.findAll | Entity: repository | Timestamp: 1760294538601
2025-10-12 21:42:18.603 [http-nio-8084-exec-6] DEBUG DATA_ACCESS - DATA_ACCESS_SUCCESS | Operation: BookServiceImpl.getAllBooks | Entity: service | Timestamp: 1760294538603
2025-10-12 21:42:19.133 [http-nio-8084-exec-7] DEBUG DATA_ACCESS - DATA_ACCESS_SUCCESS | Operation: $Proxy139.findByEmail | Entity: repository | Timestamp: 1760294539133
2025-10-12 21:42:19.134 [http-nio-8084-exec-7] DEBUG DATA_ACCESS - DATA_ACCESS_SUCCESS | Operation: $Proxy140.findByEmail | Entity: repository | Timestamp: 1760294539134
2025-10-12 21:42:19.135 [http-nio-8084-exec-7] DEBUG DATA_ACCESS - DATA_ACCESS_SUCCESS | Operation: GET_ALL_BOOKS | Entity: Book | Timestamp: 1760294539135
2025-10-12 21:42:19.138 [http-nio-8084-exec-7] DEBUG DATA_ACCESS - DATA_ACCESS_SUCCESS | Operation: $Proxy146.findAll | Entity: repository | Timestamp: 1760294539138
2025-10-12 21:42:19.140 [http-nio-8084-exec-7] DEBUG DATA_ACCESS - DATA_ACCESS_SUCCESS | Operation: BookServiceImpl.getAllBooks | Entity: service | Timestamp: 1760294539140
2025-10-12 21:42:19.757 [http-nio-8084-exec-8] DEBUG DATA_ACCESS - DATA_ACCESS_SUCCESS | Operation: $Proxy139.findByEmail | Entity: repository | Timestamp: 1760294539757
2025-10-12 21:42:19.759 [http-nio-8084-exec-8] DEBUG DATA_ACCESS - DATA_ACCESS_SUCCESS | Operation: $Proxy140.findByEmail | Entity: repository | Timestamp: 1760294539759
2025-10-12 21:42:19.761 [http-nio-8084-exec-8] DEBUG DATA_ACCESS - DATA_ACCESS_SUCCESS | Operation: $Proxy146.findByName | Entity: repository | Timestamp: 1760294539761
2025-10-12 21:42:19.761 [http-nio-8084-exec-8] DEBUG DATA_ACCESS - DATA_ACCESS_SUCCESS | Operation: BookServiceImpl.getBookByName | Entity: service | Timestamp: 1760294539761
2025-10-12 21:42:19.763 [http-nio-8084-exec-8] DEBUG DATA_ACCESS - DATA_ACCESS_SUCCESS | Operation: $Proxy139.findByEmail | Entity: repository | Timestamp: 1760294539763
2025-10-12 21:42:19.764 [http-nio-8084-exec-8] DEBUG DATA_ACCESS - DATA_ACCESS_SUCCESS | Operation: ClientServiceImpl.getClientByEmail | Entity: service | Timestamp: 1760294539764
2025-10-12 21:42:19.766 [http-nio-8084-exec-8] DEBUG DATA_ACCESS - DATA_ACCESS_SUCCESS | Operation: $Proxy146.findByName | Entity: repository | Timestamp: 1760294539766
2025-10-12 21:42:19.766 [http-nio-8084-exec-8] DEBUG DATA_ACCESS - DATA_ACCESS_SUCCESS | Operation: BookServiceImpl.getBookByName | Entity: service | Timestamp: 1760294539766
2025-10-12 21:42:19.768 [http-nio-8084-exec-8] DEBUG DATA_ACCESS - DATA_ACCESS_SUCCESS | Operation: $Proxy139.findByEmail | Entity: repository | Timestamp: 1760294539768
2025-10-12 21:42:19.769 [http-nio-8084-exec-8] DEBUG DATA_ACCESS - DATA_ACCESS_SUCCESS | Operation: $Proxy146.findByName | Entity: repository | Timestamp: 1760294539769
2025-10-12 21:42:19.780 [http-nio-8084-exec-8] DEBUG DATA_ACCESS - DATA_ACCESS_SUCCESS | Operation: $Proxy145.save | Entity: repository | Timestamp: 1760294539780
2025-10-12 21:42:19.783 [http-nio-8084-exec-8] DEBUG DATA_ACCESS - DATA_ACCESS_SUCCESS | Operation: OrderServiceImpl.addOrder | Entity: service | Timestamp: 1760294539783
2025-10-12 21:42:19.791 [http-nio-8084-exec-8] DEBUG DATA_ACCESS - DATA_ACCESS_SUCCESS | Operation: $Proxy139.findByEmail | Entity: repository | Timestamp: 1760294539791
2025-10-12 21:42:19.791 [http-nio-8084-exec-8] DEBUG DATA_ACCESS - DATA_ACCESS_SUCCESS | Operation: $Proxy139.save | Entity: repository | Timestamp: 1760294539791
2025-10-12 21:42:19.791 [http-nio-8084-exec-8] DEBUG DATA_ACCESS - DATA_ACCESS_SUCCESS | Operation: ClientServiceImpl.deductBalance | Entity: service | Timestamp: 1760294539791
2025-10-12 21:42:19.799 [http-nio-8084-exec-9] DEBUG DATA_ACCESS - DATA_ACCESS_SUCCESS | Operation: $Proxy139.findByEmail | Entity: repository | Timestamp: 1760294539799
2025-10-12 21:42:19.800 [http-nio-8084-exec-9] DEBUG DATA_ACCESS - DATA_ACCESS_SUCCESS | Operation: $Proxy140.findByEmail | Entity: repository | Timestamp: 1760294539800
2025-10-12 21:42:19.802 [http-nio-8084-exec-9] DEBUG DATA_ACCESS - DATA_ACCESS_SUCCESS | Operation: $Proxy139.findByEmail | Entity: repository | Timestamp: 1760294539802
2025-10-12 21:42:19.807 [http-nio-8084-exec-9] DEBUG DATA_ACCESS - DATA_ACCESS_SUCCESS | Operation: $Proxy145.findAllByClient | Entity: repository | Timestamp: 1760294539807
2025-10-12 21:42:19.812 [http-nio-8084-exec-9] DEBUG DATA_ACCESS - DATA_ACCESS_SUCCESS | Operation: OrderServiceImpl.getOrdersByClient | Entity: service | Timestamp: 1760294539812
2025-10-12 21:42:24.025 [http-nio-8084-exec-10] DEBUG DATA_ACCESS - DATA_ACCESS_SUCCESS | Operation: $Proxy139.findByEmail | Entity: repository | Timestamp: 1760294544025
2025-10-12 21:42:24.027 [http-nio-8084-exec-10] DEBUG DATA_ACCESS - DATA_ACCESS_SUCCESS | Operation: $Proxy140.findByEmail | Entity: repository | Timestamp: 1760294544027
2025-10-12 21:42:24.028 [http-nio-8084-exec-10] DEBUG DATA_ACCESS - DATA_ACCESS_SUCCESS | Operation: GET_ALL_BOOKS | Entity: Book | Timestamp: 1760294544028
2025-10-12 21:42:24.031 [http-nio-8084-exec-10] DEBUG DATA_ACCESS - DATA_ACCESS_SUCCESS | Operation: $Proxy146.findAll | Entity: repository | Timestamp: 1760294544031
2025-10-12 21:42:24.032 [http-nio-8084-exec-10] DEBUG DATA_ACCESS - DATA_ACCESS_SUCCESS | Operation: BookServiceImpl.getAllBooks | Entity: service | Timestamp: 1760294544032
2025-10-12 21:42:24.806 [http-nio-8084-exec-1] DEBUG DATA_ACCESS - DATA_ACCESS_SUCCESS | Operation: $Proxy139.findByEmail | Entity: repository | Timestamp: 1760294544806
2025-10-12 21:42:24.808 [http-nio-8084-exec-1] DEBUG DATA_ACCESS - DATA_ACCESS_SUCCESS | Operation: $Proxy140.findByEmail | Entity: repository | Timestamp: 1760294544808
2025-10-12 21:42:24.810 [http-nio-8084-exec-1] DEBUG DATA_ACCESS - DATA_ACCESS_SUCCESS | Operation: $Proxy146.findByName | Entity: repository | Timestamp: 1760294544810
2025-10-12 21:42:24.811 [http-nio-8084-exec-1] DEBUG DATA_ACCESS - DATA_ACCESS_SUCCESS | Operation: BookServiceImpl.getBookByName | Entity: service | Timestamp: 1760294544811
2025-10-12 21:42:27.187 [http-nio-8084-exec-2] DEBUG DATA_ACCESS - DATA_ACCESS_SUCCESS | Operation: $Proxy139.findByEmail | Entity: repository | Timestamp: 1760294547187
2025-10-12 21:42:27.189 [http-nio-8084-exec-2] DEBUG DATA_ACCESS - DATA_ACCESS_SUCCESS | Operation: $Proxy140.findByEmail | Entity: repository | Timestamp: 1760294547189
2025-10-12 21:42:27.904 [http-nio-8084-exec-3] DEBUG DATA_ACCESS - DATA_ACCESS_SUCCESS | Operation: $Proxy139.findByEmail | Entity: repository | Timestamp: 1760294547904
2025-10-12 21:42:27.905 [http-nio-8084-exec-3] DEBUG DATA_ACCESS - DATA_ACCESS_SUCCESS | Operation: $Proxy140.findByEmail | Entity: repository | Timestamp: 1760294547905
2025-10-12 21:42:27.906 [http-nio-8084-exec-3] DEBUG DATA_ACCESS - DATA_ACCESS_SUCCESS | Operation: GET_ALL_BOOKS | Entity: Book | Timestamp: 1760294547906
2025-10-12 21:42:27.909 [http-nio-8084-exec-3] DEBUG DATA_ACCESS - DATA_ACCESS_SUCCESS | Operation: $Proxy146.findAll | Entity: repository | Timestamp: 1760294547909
2025-10-12 21:42:27.910 [http-nio-8084-exec-3] DEBUG DATA_ACCESS - DATA_ACCESS_SUCCESS | Operation: BookServiceImpl.getAllBooks | Entity: service | Timestamp: 1760294547910
2025-10-12 21:42:29.077 [http-nio-8084-exec-4] DEBUG DATA_ACCESS - DATA_ACCESS_SUCCESS | Operation: $Proxy139.findByEmail | Entity: repository | Timestamp: 1760294549077
2025-10-12 21:42:29.078 [http-nio-8084-exec-4] DEBUG DATA_ACCESS - DATA_ACCESS_SUCCESS | Operation: $Proxy140.findByEmail | Entity: repository | Timestamp: 1760294549078
2025-10-12 21:42:29.080 [http-nio-8084-exec-4] DEBUG DATA_ACCESS - DATA_ACCESS_SUCCESS | Operation: $Proxy146.findByName | Entity: repository | Timestamp: 1760294549080
2025-10-12 21:42:29.081 [http-nio-8084-exec-4] DEBUG DATA_ACCESS - DATA_ACCESS_SUCCESS | Operation: BookServiceImpl.getBookByName | Entity: service | Timestamp: 1760294549081
2025-10-12 21:42:29.796 [http-nio-8084-exec-5] DEBUG DATA_ACCESS - DATA_ACCESS_SUCCESS | Operation: $Proxy139.findByEmail | Entity: repository | Timestamp: 1760294549796
2025-10-12 21:42:29.797 [http-nio-8084-exec-5] DEBUG DATA_ACCESS - DATA_ACCESS_SUCCESS | Operation: $Proxy140.findByEmail | Entity: repository | Timestamp: 1760294549797
2025-10-12 21:42:29.798 [http-nio-8084-exec-5] DEBUG DATA_ACCESS - DATA_ACCESS_SUCCESS | Operation: GET_ALL_BOOKS | Entity: Book | Timestamp: 1760294549798
2025-10-12 21:42:29.800 [http-nio-8084-exec-5] DEBUG DATA_ACCESS - DATA_ACCESS_SUCCESS | Operation: $Proxy146.findAll | Entity: repository | Timestamp: 1760294549800
2025-10-12 21:42:29.802 [http-nio-8084-exec-5] DEBUG DATA_ACCESS - DATA_ACCESS_SUCCESS | Operation: BookServiceImpl.getAllBooks | Entity: service | Timestamp: 1760294549802
2025-10-12 21:42:30.390 [http-nio-8084-exec-6] DEBUG DATA_ACCESS - DATA_ACCESS_SUCCESS | Operation: $Proxy139.findByEmail | Entity: repository | Timestamp: 1760294550390
2025-10-12 21:42:30.392 [http-nio-8084-exec-6] DEBUG DATA_ACCESS - DATA_ACCESS_SUCCESS | Operation: $Proxy140.findByEmail | Entity: repository | Timestamp: 1760294550392
2025-10-12 21:42:30.393 [http-nio-8084-exec-6] DEBUG DATA_ACCESS - DATA_ACCESS_SUCCESS | Operation: GET_ALL_BOOKS | Entity: Book | Timestamp: 1760294550393
2025-10-12 21:42:30.395 [http-nio-8084-exec-6] DEBUG DATA_ACCESS - DATA_ACCESS_SUCCESS | Operation: $Proxy146.findAll | Entity: repository | Timestamp: 1760294550395
2025-10-12 21:42:30.397 [http-nio-8084-exec-6] DEBUG DATA_ACCESS - DATA_ACCESS_SUCCESS | Operation: BookServiceImpl.getAllBooks | Entity: service | Timestamp: 1760294550397
2025-10-12 21:42:31.840 [http-nio-8084-exec-7] DEBUG DATA_ACCESS - DATA_ACCESS_SUCCESS | Operation: $Proxy139.findByEmail | Entity: repository | Timestamp: 1760294551840
2025-10-12 21:42:31.842 [http-nio-8084-exec-7] DEBUG DATA_ACCESS - DATA_ACCESS_SUCCESS | Operation: $Proxy140.findByEmail | Entity: repository | Timestamp: 1760294551842
2025-10-12 21:42:31.843 [http-nio-8084-exec-7] DEBUG DATA_ACCESS - DATA_ACCESS_SUCCESS | Operation: GET_ALL_BOOKS | Entity: Book | Timestamp: 1760294551843
2025-10-12 21:42:31.845 [http-nio-8084-exec-7] DEBUG DATA_ACCESS - DATA_ACCESS_SUCCESS | Operation: $Proxy146.findAll | Entity: repository | Timestamp: 1760294551845
2025-10-12 21:42:31.847 [http-nio-8084-exec-7] DEBUG DATA_ACCESS - DATA_ACCESS_SUCCESS | Operation: BookServiceImpl.getAllBooks | Entity: service | Timestamp: 1760294551847
2025-10-12 21:42:33.584 [http-nio-8084-exec-8] DEBUG DATA_ACCESS - DATA_ACCESS_SUCCESS | Operation: $Proxy139.findByEmail | Entity: repository | Timestamp: 1760294553584
2025-10-12 21:42:33.586 [http-nio-8084-exec-8] DEBUG DATA_ACCESS - DATA_ACCESS_SUCCESS | Operation: $Proxy140.findByEmail | Entity: repository | Timestamp: 1760294553586
2025-10-12 21:42:33.586 [http-nio-8084-exec-8] DEBUG DATA_ACCESS - DATA_ACCESS_SUCCESS | Operation: GET_ALL_BOOKS | Entity: Book | Timestamp: 1760294553586
2025-10-12 21:42:33.588 [http-nio-8084-exec-8] DEBUG DATA_ACCESS - DATA_ACCESS_SUCCESS | Operation: $Proxy146.findAll | Entity: repository | Timestamp: 1760294553588
2025-10-12 21:42:33.589 [http-nio-8084-exec-8] DEBUG DATA_ACCESS - DATA_ACCESS_SUCCESS | Operation: BookServiceImpl.getAllBooks | Entity: service | Timestamp: 1760294553589
2025-10-12 21:42:35.132 [http-nio-8084-exec-9] DEBUG DATA_ACCESS - DATA_ACCESS_SUCCESS | Operation: $Proxy139.findByEmail | Entity: repository | Timestamp: 1760294555132
2025-10-12 21:42:35.133 [http-nio-8084-exec-9] DEBUG DATA_ACCESS - DATA_ACCESS_SUCCESS | Operation: $Proxy140.findByEmail | Entity: repository | Timestamp: 1760294555133
2025-10-12 21:42:35.134 [http-nio-8084-exec-9] DEBUG DATA_ACCESS - DATA_ACCESS_SUCCESS | Operation: GET_ALL_BOOKS | Entity: Book | Timestamp: 1760294555134
2025-10-12 21:42:35.135 [http-nio-8084-exec-9] DEBUG DATA_ACCESS - DATA_ACCESS_SUCCESS | Operation: $Proxy146.findAll | Entity: repository | Timestamp: 1760294555135
2025-10-12 21:42:35.136 [http-nio-8084-exec-9] DEBUG DATA_ACCESS - DATA_ACCESS_SUCCESS | Operation: BookServiceImpl.getAllBooks | Entity: service | Timestamp: 1760294555136
2025-10-12 21:42:41.001 [http-nio-8084-exec-10] DEBUG DATA_ACCESS - DATA_ACCESS_SUCCESS | Operation: $Proxy139.findByEmail | Entity: repository | Timestamp: 1760294561001
2025-10-12 21:42:41.003 [http-nio-8084-exec-10] DEBUG DATA_ACCESS - DATA_ACCESS_SUCCESS | Operation: $Proxy140.findByEmail | Entity: repository | Timestamp: 1760294561003
2025-10-12 21:42:41.004 [http-nio-8084-exec-10] DEBUG DATA_ACCESS - DATA_ACCESS_SUCCESS | Operation: GET_ALL_BOOKS | Entity: Book | Timestamp: 1760294561004
2025-10-12 21:42:41.005 [http-nio-8084-exec-10] DEBUG DATA_ACCESS - DATA_ACCESS_SUCCESS | Operation: $Proxy146.findAll | Entity: repository | Timestamp: 1760294561005
2025-10-12 21:42:41.006 [http-nio-8084-exec-10] DEBUG DATA_ACCESS - DATA_ACCESS_SUCCESS | Operation: BookServiceImpl.getAllBooks | Entity: service | Timestamp: 1760294561006
2025-10-12 21:50:59.218 [http-nio-8084-exec-1] DEBUG DATA_ACCESS - DATA_ACCESS_SUCCESS | Operation: $Proxy139.findByEmail | Entity: repository | Timestamp: 1760295059218
2025-10-12 21:50:59.221 [http-nio-8084-exec-1] DEBUG DATA_ACCESS - DATA_ACCESS_SUCCESS | Operation: $Proxy140.findByEmail | Entity: repository | Timestamp: 1760295059221
2025-10-12 21:51:00.496 [http-nio-8084-exec-3] DEBUG DATA_ACCESS - DATA_ACCESS_SUCCESS | Operation: $Proxy139.findByEmail | Entity: repository | Timestamp: 1760295060496
2025-10-12 21:51:00.498 [http-nio-8084-exec-3] DEBUG DATA_ACCESS - DATA_ACCESS_SUCCESS | Operation: $Proxy140.findByEmail | Entity: repository | Timestamp: 1760295060498
2025-10-12 21:51:00.505 [http-nio-8084-exec-3] DEBUG DATA_ACCESS - DATA_ACCESS_SUCCESS | Operation: GET_ALL_BOOKS | Entity: Book | Timestamp: 1760295060505
2025-10-12 21:51:00.525 [http-nio-8084-exec-3] DEBUG DATA_ACCESS - DATA_ACCESS_SUCCESS | Operation: $Proxy146.findAll | Entity: repository | Timestamp: 1760295060525
2025-10-12 21:51:00.548 [http-nio-8084-exec-3] DEBUG DATA_ACCESS - DATA_ACCESS_SUCCESS | Operation: BookServiceImpl.getAllBooks | Entity: service | Timestamp: 1760295060548
2025-10-12 21:51:04.672 [http-nio-8084-exec-7] DEBUG DATA_ACCESS - DATA_ACCESS_SUCCESS | Operation: $Proxy139.findByEmail | Entity: repository | Timestamp: 1760295064672
2025-10-12 21:51:04.675 [http-nio-8084-exec-7] DEBUG DATA_ACCESS - DATA_ACCESS_SUCCESS | Operation: $Proxy140.findByEmail | Entity: repository | Timestamp: 1760295064675
2025-10-12 21:51:04.748 [http-nio-8084-exec-8] DEBUG DATA_ACCESS - DATA_ACCESS_SUCCESS | Operation: $Proxy139.findByEmail | Entity: repository | Timestamp: 1760295064748
2025-10-12 21:51:04.750 [http-nio-8084-exec-8] DEBUG DATA_ACCESS - DATA_ACCESS_SUCCESS | Operation: $Proxy140.findByEmail | Entity: repository | Timestamp: 1760295064750
2025-10-12 21:51:05.231 [http-nio-8084-exec-9] DEBUG DATA_ACCESS - DATA_ACCESS_SUCCESS | Operation: $Proxy139.findByEmail | Entity: repository | Timestamp: 1760295065231
2025-10-12 21:51:05.233 [http-nio-8084-exec-9] DEBUG DATA_ACCESS - DATA_ACCESS_SUCCESS | Operation: $Proxy140.findByEmail | Entity: repository | Timestamp: 1760295065233
2025-10-12 21:51:05.793 [http-nio-8084-exec-10] DEBUG DATA_ACCESS - DATA_ACCESS_SUCCESS | Operation: $Proxy139.findByEmail | Entity: repository | Timestamp: 1760295065793
2025-10-12 21:51:05.799 [http-nio-8084-exec-10] DEBUG DATA_ACCESS - DATA_ACCESS_SUCCESS | Operation: $Proxy140.findByEmail | Entity: repository | Timestamp: 1760295065799
2025-10-12 21:51:05.801 [http-nio-8084-exec-10] DEBUG DATA_ACCESS - DATA_ACCESS_SUCCESS | Operation: GET_ALL_BOOKS | Entity: Book | Timestamp: 1760295065801
2025-10-12 21:51:05.810 [http-nio-8084-exec-10] DEBUG DATA_ACCESS - DATA_ACCESS_SUCCESS | Operation: $Proxy146.findAll | Entity: repository | Timestamp: 1760295065810
2025-10-12 21:51:05.815 [http-nio-8084-exec-10] DEBUG DATA_ACCESS - DATA_ACCESS_SUCCESS | Operation: BookServiceImpl.getAllBooks | Entity: service | Timestamp: 1760295065815
2025-10-12 21:51:06.161 [http-nio-8084-exec-1] DEBUG DATA_ACCESS - DATA_ACCESS_SUCCESS | Operation: $Proxy139.findByEmail | Entity: repository | Timestamp: 1760295066161
2025-10-12 21:51:06.164 [http-nio-8084-exec-1] DEBUG DATA_ACCESS - DATA_ACCESS_SUCCESS | Operation: $Proxy140.findByEmail | Entity: repository | Timestamp: 1760295066164
2025-10-12 21:51:06.540 [http-nio-8084-exec-2] DEBUG DATA_ACCESS - DATA_ACCESS_SUCCESS | Operation: $Proxy139.findByEmail | Entity: repository | Timestamp: 1760295066540
2025-10-12 21:51:06.542 [http-nio-8084-exec-2] DEBUG DATA_ACCESS - DATA_ACCESS_SUCCESS | Operation: $Proxy140.findByEmail | Entity: repository | Timestamp: 1760295066542
2025-10-12 21:51:06.547 [http-nio-8084-exec-2] DEBUG DATA_ACCESS - DATA_ACCESS_SUCCESS | Operation: $Proxy139.findAll | Entity: repository | Timestamp: 1760295066547
2025-10-12 21:51:06.548 [http-nio-8084-exec-2] DEBUG DATA_ACCESS - DATA_ACCESS_SUCCESS | Operation: ClientServiceImpl.getAllClients | Entity: service | Timestamp: 1760295066548
2025-10-12 21:51:06.978 [http-nio-8084-exec-3] DEBUG DATA_ACCESS - DATA_ACCESS_SUCCESS | Operation: $Proxy139.findByEmail | Entity: repository | Timestamp: 1760295066978
2025-10-12 21:51:06.980 [http-nio-8084-exec-3] DEBUG DATA_ACCESS - DATA_ACCESS_SUCCESS | Operation: $Proxy140.findByEmail | Entity: repository | Timestamp: 1760295066980
2025-10-12 21:51:06.989 [http-nio-8084-exec-3] DEBUG DATA_ACCESS - DATA_ACCESS_SUCCESS | Operation: $Proxy145.findAll | Entity: repository | Timestamp: 1760295066989
2025-10-12 21:51:06.990 [http-nio-8084-exec-3] DEBUG DATA_ACCESS - DATA_ACCESS_SUCCESS | Operation: OrderServiceImpl.getAllOrders | Entity: service | Timestamp: 1760295066990
2025-10-12 21:51:07.496 [http-nio-8084-exec-4] DEBUG DATA_ACCESS - DATA_ACCESS_SUCCESS | Operation: $Proxy139.findByEmail | Entity: repository | Timestamp: 1760295067496
2025-10-12 21:51:07.498 [http-nio-8084-exec-4] DEBUG DATA_ACCESS - DATA_ACCESS_SUCCESS | Operation: $Proxy140.findByEmail | Entity: repository | Timestamp: 1760295067498
2025-10-12 21:51:07.501 [http-nio-8084-exec-4] DEBUG DATA_ACCESS - DATA_ACCESS_SUCCESS | Operation: $Proxy139.findAll | Entity: repository | Timestamp: 1760295067501
2025-10-12 21:51:07.501 [http-nio-8084-exec-4] DEBUG DATA_ACCESS - DATA_ACCESS_SUCCESS | Operation: ClientServiceImpl.getAllClients | Entity: service | Timestamp: 1760295067501
2025-10-12 21:51:08.982 [http-nio-8084-exec-5] DEBUG DATA_ACCESS - DATA_ACCESS_SUCCESS | Operation: $Proxy139.findByEmail | Entity: repository | Timestamp: 1760295068982
2025-10-12 21:51:08.983 [http-nio-8084-exec-5] DEBUG DATA_ACCESS - DATA_ACCESS_SUCCESS | Operation: $Proxy140.findByEmail | Entity: repository | Timestamp: 1760295068983
2025-10-12 21:51:08.987 [http-nio-8084-exec-5] DEBUG DATA_ACCESS - DATA_ACCESS_SUCCESS | Operation: $Proxy139.findByEmail | Entity: repository | Timestamp: 1760295068987
2025-10-12 21:51:08.993 [http-nio-8084-exec-5] DEBUG DATA_ACCESS - DATA_ACCESS_SUCCESS | Operation: $Proxy139.save | Entity: repository | Timestamp: 1760295068993
2025-10-12 21:51:08.993 [http-nio-8084-exec-5] DEBUG DATA_ACCESS - DATA_ACCESS_SUCCESS | Operation: ClientServiceImpl.blockClient | Entity: service | Timestamp: 1760295068993
2025-10-12 21:51:09.049 [http-nio-8084-exec-6] DEBUG DATA_ACCESS - DATA_ACCESS_SUCCESS | Operation: $Proxy139.findByEmail | Entity: repository | Timestamp: 1760295069049
2025-10-12 21:51:09.050 [http-nio-8084-exec-6] DEBUG DATA_ACCESS - DATA_ACCESS_SUCCESS | Operation: $Proxy140.findByEmail | Entity: repository | Timestamp: 1760295069050
2025-10-12 21:51:09.052 [http-nio-8084-exec-6] DEBUG DATA_ACCESS - DATA_ACCESS_SUCCESS | Operation: $Proxy139.findAll | Entity: repository | Timestamp: 1760295069052
2025-10-12 21:51:09.053 [http-nio-8084-exec-6] DEBUG DATA_ACCESS - DATA_ACCESS_SUCCESS | Operation: ClientServiceImpl.getAllClients | Entity: service | Timestamp: 1760295069053
2025-10-12 21:51:09.978 [http-nio-8084-exec-7] DEBUG DATA_ACCESS - DATA_ACCESS_SUCCESS | Operation: $Proxy139.findByEmail | Entity: repository | Timestamp: 1760295069978
2025-10-12 21:51:09.981 [http-nio-8084-exec-7] DEBUG DATA_ACCESS - DATA_ACCESS_SUCCESS | Operation: $Proxy140.findByEmail | Entity: repository | Timestamp: 1760295069981
2025-10-12 21:51:09.984 [http-nio-8084-exec-7] DEBUG DATA_ACCESS - DATA_ACCESS_SUCCESS | Operation: $Proxy139.findByEmail | Entity: repository | Timestamp: 1760295069984
2025-10-12 21:51:09.984 [http-nio-8084-exec-7] DEBUG DATA_ACCESS - DATA_ACCESS_SUCCESS | Operation: $Proxy139.save | Entity: repository | Timestamp: 1760295069984
2025-10-12 21:51:09.985 [http-nio-8084-exec-7] DEBUG DATA_ACCESS - DATA_ACCESS_SUCCESS | Operation: ClientServiceImpl.unblockClient | Entity: service | Timestamp: 1760295069985
2025-10-12 21:51:09.993 [http-nio-8084-exec-8] DEBUG DATA_ACCESS - DATA_ACCESS_SUCCESS | Operation: $Proxy139.findByEmail | Entity: repository | Timestamp: 1760295069993
2025-10-12 21:51:09.995 [http-nio-8084-exec-8] DEBUG DATA_ACCESS - DATA_ACCESS_SUCCESS | Operation: $Proxy140.findByEmail | Entity: repository | Timestamp: 1760295069995
2025-10-12 21:51:09.996 [http-nio-8084-exec-8] DEBUG DATA_ACCESS - DATA_ACCESS_SUCCESS | Operation: $Proxy139.findAll | Entity: repository | Timestamp: 1760295069996
2025-10-12 21:51:09.997 [http-nio-8084-exec-8] DEBUG DATA_ACCESS - DATA_ACCESS_SUCCESS | Operation: ClientServiceImpl.getAllClients | Entity: service | Timestamp: 1760295069997
2025-10-12 21:51:10.447 [http-nio-8084-exec-9] DEBUG DATA_ACCESS - DATA_ACCESS_SUCCESS | Operation: $Proxy139.findByEmail | Entity: repository | Timestamp: 1760295070447
2025-10-12 21:51:10.449 [http-nio-8084-exec-9] DEBUG DATA_ACCESS - DATA_ACCESS_SUCCESS | Operation: $Proxy140.findByEmail | Entity: repository | Timestamp: 1760295070449
2025-10-12 21:51:10.451 [http-nio-8084-exec-9] DEBUG DATA_ACCESS - DATA_ACCESS_SUCCESS | Operation: $Proxy139.findAll | Entity: repository | Timestamp: 1760295070451
2025-10-12 21:51:10.451 [http-nio-8084-exec-9] DEBUG DATA_ACCESS - DATA_ACCESS_SUCCESS | Operation: ClientServiceImpl.getAllClients | Entity: service | Timestamp: 1760295070451
2025-10-12 21:51:11.030 [http-nio-8084-exec-10] DEBUG DATA_ACCESS - DATA_ACCESS_SUCCESS | Operation: $Proxy139.findByEmail | Entity: repository | Timestamp: 1760295071030
2025-10-12 21:51:11.031 [http-nio-8084-exec-10] DEBUG DATA_ACCESS - DATA_ACCESS_SUCCESS | Operation: $Proxy140.findByEmail | Entity: repository | Timestamp: 1760295071031
2025-10-12 21:51:13.294 [http-nio-8084-exec-1] DEBUG DATA_ACCESS - DATA_ACCESS_SUCCESS | Operation: $Proxy139.findByEmail | Entity: repository | Timestamp: 1760295073294
2025-10-12 21:51:13.296 [http-nio-8084-exec-1] DEBUG DATA_ACCESS - DATA_ACCESS_SUCCESS | Operation: $Proxy140.findByEmail | Entity: repository | Timestamp: 1760295073296
2025-10-12 21:51:19.109 [http-nio-8084-exec-2] DEBUG DATA_ACCESS - DATA_ACCESS_SUCCESS | Operation: $Proxy139.findByEmail | Entity: repository | Timestamp: 1760295079109
2025-10-12 21:51:19.111 [http-nio-8084-exec-2] DEBUG DATA_ACCESS - DATA_ACCESS_SUCCESS | Operation: $Proxy140.findByEmail | Entity: repository | Timestamp: 1760295079111
2025-10-12 21:51:24.954 [http-nio-8084-exec-3] DEBUG DATA_ACCESS - DATA_ACCESS_SUCCESS | Operation: $Proxy139.findByEmail | Entity: repository | Timestamp: 1760295084954
2025-10-12 21:51:24.955 [http-nio-8084-exec-3] DEBUG DATA_ACCESS - DATA_ACCESS_SUCCESS | Operation: $Proxy140.findByEmail | Entity: repository | Timestamp: 1760295084955
2025-10-12 21:51:27.363 [http-nio-8084-exec-4] DEBUG DATA_ACCESS - DATA_ACCESS_SUCCESS | Operation: $Proxy139.findByEmail | Entity: repository | Timestamp: 1760295087363
2025-10-12 21:51:27.365 [http-nio-8084-exec-4] DEBUG DATA_ACCESS - DATA_ACCESS_SUCCESS | Operation: $Proxy140.findByEmail | Entity: repository | Timestamp: 1760295087365
2025-10-12 21:51:27.371 [http-nio-8084-exec-4] DEBUG DATA_ACCESS - DATA_ACCESS_SUCCESS | Operation: $Proxy146.existsByName | Entity: repository | Timestamp: 1760295087371
2025-10-12 21:51:27.384 [http-nio-8084-exec-4] DEBUG DATA_ACCESS - DATA_ACCESS_SUCCESS | Operation: $Proxy146.save | Entity: repository | Timestamp: 1760295087384
2025-10-12 21:51:27.384 [http-nio-8084-exec-4] DEBUG DATA_ACCESS - DATA_ACCESS_SUCCESS | Operation: BookServiceImpl.addBook | Entity: service | Timestamp: 1760295087384
2025-10-12 21:51:27.390 [http-nio-8084-exec-5] DEBUG DATA_ACCESS - DATA_ACCESS_SUCCESS | Operation: $Proxy139.findByEmail | Entity: repository | Timestamp: 1760295087390
2025-10-12 21:51:27.392 [http-nio-8084-exec-5] DEBUG DATA_ACCESS - DATA_ACCESS_SUCCESS | Operation: $Proxy140.findByEmail | Entity: repository | Timestamp: 1760295087392
2025-10-12 21:51:27.393 [http-nio-8084-exec-5] DEBUG DATA_ACCESS - DATA_ACCESS_SUCCESS | Operation: GET_ALL_BOOKS | Entity: Book | Timestamp: 1760295087393
2025-10-12 21:51:27.397 [http-nio-8084-exec-5] DEBUG DATA_ACCESS - DATA_ACCESS_SUCCESS | Operation: $Proxy146.findAll | Entity: repository | Timestamp: 1760295087397
2025-10-12 21:51:27.400 [http-nio-8084-exec-5] DEBUG DATA_ACCESS - DATA_ACCESS_SUCCESS | Operation: BookServiceImpl.getAllBooks | Entity: service | Timestamp: 1760295087400
2025-10-12 22:00:40.615 [http-nio-8084-exec-6] DEBUG DATA_ACCESS - DATA_ACCESS_SUCCESS | Operation: $Proxy139.existsByEmail | Entity: repository | Timestamp: 1760295640615
2025-10-12 22:00:40.729 [http-nio-8084-exec-6] DEBUG DATA_ACCESS - DATA_ACCESS_SUCCESS | Operation: $Proxy139.save | Entity: repository | Timestamp: 1760295640729
2025-10-12 22:00:40.730 [http-nio-8084-exec-6] DEBUG DATA_ACCESS - DATA_ACCESS_SUCCESS | Operation: ClientServiceImpl.addClient | Entity: service | Timestamp: 1760295640730
2025-10-12 22:00:42.389 [http-nio-8084-exec-9] DEBUG DATA_ACCESS - DATA_ACCESS_SUCCESS | Operation: $Proxy139.findByEmail | Entity: repository | Timestamp: 1760295642389
2025-10-12 22:00:42.460 [http-nio-8084-exec-10] DEBUG DATA_ACCESS - DATA_ACCESS_SUCCESS | Operation: $Proxy139.findByEmail | Entity: repository | Timestamp: 1760295642460
2025-10-12 22:00:42.462 [http-nio-8084-exec-10] DEBUG DATA_ACCESS - DATA_ACCESS_SUCCESS | Operation: $Proxy140.findByEmail | Entity: repository | Timestamp: 1760295642462
2025-10-12 22:00:43.190 [http-nio-8084-exec-1] DEBUG DATA_ACCESS - DATA_ACCESS_SUCCESS | Operation: $Proxy139.findByEmail | Entity: repository | Timestamp: 1760295643190
2025-10-12 22:00:43.192 [http-nio-8084-exec-1] DEBUG DATA_ACCESS - DATA_ACCESS_SUCCESS | Operation: $Proxy140.findByEmail | Entity: repository | Timestamp: 1760295643192
2025-10-12 22:00:43.552 [http-nio-8084-exec-2] DEBUG DATA_ACCESS - DATA_ACCESS_SUCCESS | Operation: $Proxy139.findByEmail | Entity: repository | Timestamp: 1760295643552
2025-10-12 22:00:43.554 [http-nio-8084-exec-2] DEBUG DATA_ACCESS - DATA_ACCESS_SUCCESS | Operation: $Proxy140.findByEmail | Entity: repository | Timestamp: 1760295643554
2025-10-12 22:00:43.558 [http-nio-8084-exec-2] DEBUG DATA_ACCESS - DATA_ACCESS_SUCCESS | Operation: GET_ALL_BOOKS | Entity: Book | Timestamp: 1760295643558
2025-10-12 22:00:43.571 [http-nio-8084-exec-2] DEBUG DATA_ACCESS - DATA_ACCESS_SUCCESS | Operation: $Proxy146.findAll | Entity: repository | Timestamp: 1760295643571
2025-10-12 22:00:43.579 [http-nio-8084-exec-2] DEBUG DATA_ACCESS - DATA_ACCESS_SUCCESS | Operation: BookServiceImpl.getAllBooks | Entity: service | Timestamp: 1760295643579
2025-10-12 22:00:43.869 [http-nio-8084-exec-4] DEBUG DATA_ACCESS - DATA_ACCESS_SUCCESS | Operation: $Proxy139.findByEmail | Entity: repository | Timestamp: 1760295643869
2025-10-12 22:00:43.871 [http-nio-8084-exec-4] DEBUG DATA_ACCESS - DATA_ACCESS_SUCCESS | Operation: $Proxy140.findByEmail | Entity: repository | Timestamp: 1760295643871
2025-10-12 22:00:43.873 [http-nio-8084-exec-4] DEBUG DATA_ACCESS - DATA_ACCESS_SUCCESS | Operation: GET_ALL_BOOKS | Entity: Book | Timestamp: 1760295643873
2025-10-12 22:00:43.877 [http-nio-8084-exec-4] DEBUG DATA_ACCESS - DATA_ACCESS_SUCCESS | Operation: $Proxy146.findAll | Entity: repository | Timestamp: 1760295643877
2025-10-12 22:00:43.878 [http-nio-8084-exec-4] DEBUG DATA_ACCESS - DATA_ACCESS_SUCCESS | Operation: BookServiceImpl.getAllBooks | Entity: service | Timestamp: 1760295643878
2025-10-12 22:07:54.777 [http-nio-8084-exec-6] DEBUG DATA_ACCESS - DATA_ACCESS_SUCCESS | Operation: $Proxy139.findByEmail | Entity: repository | Timestamp: 1760296074777
2025-10-12 22:07:54.779 [http-nio-8084-exec-6] DEBUG DATA_ACCESS - DATA_ACCESS_SUCCESS | Operation: $Proxy140.findByEmail | Entity: repository | Timestamp: 1760296074779
2025-10-12 22:07:54.781 [http-nio-8084-exec-6] DEBUG DATA_ACCESS - DATA_ACCESS_SUCCESS | Operation: GET_ALL_BOOKS | Entity: Book | Timestamp: 1760296074781
2025-10-12 22:07:54.787 [http-nio-8084-exec-6] DEBUG DATA_ACCESS - DATA_ACCESS_SUCCESS | Operation: $Proxy146.findAll | Entity: repository | Timestamp: 1760296074787
2025-10-12 22:07:54.790 [http-nio-8084-exec-6] DEBUG DATA_ACCESS - DATA_ACCESS_SUCCESS | Operation: BookServiceImpl.getAllBooks | Entity: service | Timestamp: 1760296074790
2025-10-12 22:07:55.323 [http-nio-8084-exec-8] DEBUG DATA_ACCESS - DATA_ACCESS_SUCCESS | Operation: $Proxy139.findByEmail | Entity: repository | Timestamp: 1760296075323
2025-10-12 22:07:55.325 [http-nio-8084-exec-8] DEBUG DATA_ACCESS - DATA_ACCESS_SUCCESS | Operation: $Proxy140.findByEmail | Entity: repository | Timestamp: 1760296075325
2025-10-12 22:07:55.671 [http-nio-8084-exec-9] DEBUG DATA_ACCESS - DATA_ACCESS_SUCCESS | Operation: $Proxy139.findByEmail | Entity: repository | Timestamp: 1760296075671
2025-10-12 22:07:55.673 [http-nio-8084-exec-9] DEBUG DATA_ACCESS - DATA_ACCESS_SUCCESS | Operation: $Proxy140.findByEmail | Entity: repository | Timestamp: 1760296075673
2025-10-12 22:07:55.674 [http-nio-8084-exec-9] DEBUG DATA_ACCESS - DATA_ACCESS_SUCCESS | Operation: GET_ALL_BOOKS | Entity: Book | Timestamp: 1760296075674
2025-10-12 22:07:55.678 [http-nio-8084-exec-9] DEBUG DATA_ACCESS - DATA_ACCESS_SUCCESS | Operation: $Proxy146.findAll | Entity: repository | Timestamp: 1760296075678
2025-10-12 22:07:55.679 [http-nio-8084-exec-9] DEBUG DATA_ACCESS - DATA_ACCESS_SUCCESS | Operation: BookServiceImpl.getAllBooks | Entity: service | Timestamp: 1760296075679
2025-10-12 22:07:55.929 [http-nio-8084-exec-10] DEBUG DATA_ACCESS - DATA_ACCESS_SUCCESS | Operation: $Proxy139.findByEmail | Entity: repository | Timestamp: 1760296075929
2025-10-12 22:07:55.931 [http-nio-8084-exec-10] DEBUG DATA_ACCESS - DATA_ACCESS_SUCCESS | Operation: $Proxy140.findByEmail | Entity: repository | Timestamp: 1760296075931
2025-10-12 22:07:55.932 [http-nio-8084-exec-10] DEBUG DATA_ACCESS - DATA_ACCESS_SUCCESS | Operation: GET_ALL_BOOKS | Entity: Book | Timestamp: 1760296075932
2025-10-12 22:07:55.936 [http-nio-8084-exec-10] DEBUG DATA_ACCESS - DATA_ACCESS_SUCCESS | Operation: $Proxy146.findAll | Entity: repository | Timestamp: 1760296075936
2025-10-12 22:07:55.938 [http-nio-8084-exec-10] DEBUG DATA_ACCESS - DATA_ACCESS_SUCCESS | Operation: BookServiceImpl.getAllBooks | Entity: service | Timestamp: 1760296075938
2025-10-12 22:07:57.196 [http-nio-8084-exec-1] DEBUG DATA_ACCESS - DATA_ACCESS_SUCCESS | Operation: $Proxy139.findByEmail | Entity: repository | Timestamp: 1760296077196
2025-10-12 22:07:57.197 [http-nio-8084-exec-1] DEBUG DATA_ACCESS - DATA_ACCESS_SUCCESS | Operation: $Proxy140.findByEmail | Entity: repository | Timestamp: 1760296077197
2025-10-12 22:07:57.198 [http-nio-8084-exec-1] DEBUG DATA_ACCESS - DATA_ACCESS_SUCCESS | Operation: GET_ALL_BOOKS | Entity: Book | Timestamp: 1760296077198
2025-10-12 22:07:57.202 [http-nio-8084-exec-1] DEBUG DATA_ACCESS - DATA_ACCESS_SUCCESS | Operation: $Proxy146.findAll | Entity: repository | Timestamp: 1760296077202
2025-10-12 22:07:57.204 [http-nio-8084-exec-1] DEBUG DATA_ACCESS - DATA_ACCESS_SUCCESS | Operation: BookServiceImpl.getAllBooks | Entity: service | Timestamp: 1760296077204
2025-10-12 22:08:01.336 [http-nio-8084-exec-5] DEBUG DATA_ACCESS - DATA_ACCESS_SUCCESS | Operation: $Proxy139.findByEmail | Entity: repository | Timestamp: 1760296081336
2025-10-12 22:08:01.338 [http-nio-8084-exec-5] DEBUG DATA_ACCESS - DATA_ACCESS_SUCCESS | Operation: $Proxy140.findByEmail | Entity: repository | Timestamp: 1760296081338
2025-10-12 22:08:01.408 [http-nio-8084-exec-6] DEBUG DATA_ACCESS - DATA_ACCESS_SUCCESS | Operation: $Proxy139.findByEmail | Entity: repository | Timestamp: 1760296081408
2025-10-12 22:08:01.409 [http-nio-8084-exec-6] DEBUG DATA_ACCESS - DATA_ACCESS_SUCCESS | Operation: $Proxy140.findByEmail | Entity: repository | Timestamp: 1760296081409
2025-10-12 22:08:01.830 [http-nio-8084-exec-7] DEBUG DATA_ACCESS - DATA_ACCESS_SUCCESS | Operation: $Proxy139.findByEmail | Entity: repository | Timestamp: 1760296081830
2025-10-12 22:08:01.831 [http-nio-8084-exec-7] DEBUG DATA_ACCESS - DATA_ACCESS_SUCCESS | Operation: $Proxy140.findByEmail | Entity: repository | Timestamp: 1760296081831
2025-10-12 22:08:01.832 [http-nio-8084-exec-7] DEBUG DATA_ACCESS - DATA_ACCESS_SUCCESS | Operation: GET_ALL_BOOKS | Entity: Book | Timestamp: 1760296081832
2025-10-12 22:08:01.835 [http-nio-8084-exec-7] DEBUG DATA_ACCESS - DATA_ACCESS_SUCCESS | Operation: $Proxy146.findAll | Entity: repository | Timestamp: 1760296081835
2025-10-12 22:08:01.837 [http-nio-8084-exec-7] DEBUG DATA_ACCESS - DATA_ACCESS_SUCCESS | Operation: BookServiceImpl.getAllBooks | Entity: service | Timestamp: 1760296081837
2025-10-12 22:08:02.761 [http-nio-8084-exec-8] DEBUG DATA_ACCESS - DATA_ACCESS_SUCCESS | Operation: $Proxy139.findByEmail | Entity: repository | Timestamp: 1760296082761
2025-10-12 22:08:02.762 [http-nio-8084-exec-8] DEBUG DATA_ACCESS - DATA_ACCESS_SUCCESS | Operation: $Proxy140.findByEmail | Entity: repository | Timestamp: 1760296082762
2025-10-12 22:08:02.768 [http-nio-8084-exec-8] DEBUG DATA_ACCESS - DATA_ACCESS_SUCCESS | Operation: $Proxy146.findByName | Entity: repository | Timestamp: 1760296082768
2025-10-12 22:08:02.768 [http-nio-8084-exec-8] DEBUG DATA_ACCESS - DATA_ACCESS_SUCCESS | Operation: BookServiceImpl.getBookByName | Entity: service | Timestamp: 1760296082768
2025-10-12 22:08:04.637 [http-nio-8084-exec-9] DEBUG DATA_ACCESS - DATA_ACCESS_SUCCESS | Operation: $Proxy139.findByEmail | Entity: repository | Timestamp: 1760296084637
2025-10-12 22:08:04.638 [http-nio-8084-exec-9] DEBUG DATA_ACCESS - DATA_ACCESS_SUCCESS | Operation: $Proxy140.findByEmail | Entity: repository | Timestamp: 1760296084638
2025-10-12 22:08:06.268 [http-nio-8084-exec-10] DEBUG DATA_ACCESS - DATA_ACCESS_SUCCESS | Operation: $Proxy139.findByEmail | Entity: repository | Timestamp: 1760296086268
2025-10-12 22:08:06.271 [http-nio-8084-exec-10] DEBUG DATA_ACCESS - DATA_ACCESS_SUCCESS | Operation: $Proxy140.findByEmail | Entity: repository | Timestamp: 1760296086271
2025-10-12 22:08:08.380 [http-nio-8084-exec-2] DEBUG DATA_ACCESS - DATA_ACCESS_SUCCESS | Operation: $Proxy139.findByEmail | Entity: repository | Timestamp: 1760296088380
2025-10-12 22:08:08.382 [http-nio-8084-exec-2] DEBUG DATA_ACCESS - DATA_ACCESS_SUCCESS | Operation: $Proxy140.findByEmail | Entity: repository | Timestamp: 1760296088382
2025-10-12 22:08:08.383 [http-nio-8084-exec-2] DEBUG DATA_ACCESS - DATA_ACCESS_SUCCESS | Operation: GET_ALL_BOOKS | Entity: Book | Timestamp: 1760296088383
2025-10-12 22:08:08.385 [http-nio-8084-exec-2] DEBUG DATA_ACCESS - DATA_ACCESS_SUCCESS | Operation: $Proxy146.findAll | Entity: repository | Timestamp: 1760296088385
2025-10-12 22:08:08.391 [http-nio-8084-exec-2] DEBUG DATA_ACCESS - DATA_ACCESS_SUCCESS | Operation: BookServiceImpl.getAllBooks | Entity: service | Timestamp: 1760296088391
2025-10-12 22:08:09.814 [http-nio-8084-exec-3] DEBUG DATA_ACCESS - DATA_ACCESS_SUCCESS | Operation: $Proxy139.findByEmail | Entity: repository | Timestamp: 1760296089814
2025-10-12 22:08:09.816 [http-nio-8084-exec-3] DEBUG DATA_ACCESS - DATA_ACCESS_SUCCESS | Operation: $Proxy140.findByEmail | Entity: repository | Timestamp: 1760296089816
2025-10-12 22:08:09.817 [http-nio-8084-exec-3] DEBUG DATA_ACCESS - DATA_ACCESS_SUCCESS | Operation: $Proxy146.findByName | Entity: repository | Timestamp: 1760296089817
2025-10-12 22:08:09.817 [http-nio-8084-exec-3] DEBUG DATA_ACCESS - DATA_ACCESS_SUCCESS | Operation: BookServiceImpl.getBookByName | Entity: service | Timestamp: 1760296089817
2025-10-12 22:08:11.957 [http-nio-8084-exec-4] DEBUG DATA_ACCESS - DATA_ACCESS_SUCCESS | Operation: $Proxy139.findByEmail | Entity: repository | Timestamp: 1760296091957
2025-10-12 22:08:11.958 [http-nio-8084-exec-4] DEBUG DATA_ACCESS - DATA_ACCESS_SUCCESS | Operation: $Proxy140.findByEmail | Entity: repository | Timestamp: 1760296091958
2025-10-12 22:08:26.408 [http-nio-8084-exec-5] DEBUG DATA_ACCESS - DATA_ACCESS_SUCCESS | Operation: $Proxy139.findByEmail | Entity: repository | Timestamp: 1760296106408
2025-10-12 22:08:26.409 [http-nio-8084-exec-5] DEBUG DATA_ACCESS - DATA_ACCESS_SUCCESS | Operation: $Proxy140.findByEmail | Entity: repository | Timestamp: 1760296106409
2025-10-12 22:08:30.635 [http-nio-8084-exec-6] DEBUG DATA_ACCESS - DATA_ACCESS_SUCCESS | Operation: $Proxy139.findByEmail | Entity: repository | Timestamp: 1760296110635
2025-10-12 22:08:30.637 [http-nio-8084-exec-6] DEBUG DATA_ACCESS - DATA_ACCESS_SUCCESS | Operation: $Proxy140.findByEmail | Entity: repository | Timestamp: 1760296110637
2025-10-12 22:08:30.642 [http-nio-8084-exec-6] DEBUG DATA_ACCESS - DATA_ACCESS_SUCCESS | Operation: $Proxy146.findByName | Entity: repository | Timestamp: 1760296110642
2025-10-12 22:08:30.645 [http-nio-8084-exec-6] DEBUG DATA_ACCESS - DATA_ACCESS_SUCCESS | Operation: $Proxy146.existsByName | Entity: repository | Timestamp: 1760296110645
2025-10-12 22:08:30.649 [http-nio-8084-exec-6] DEBUG DATA_ACCESS - DATA_ACCESS_SUCCESS | Operation: $Proxy146.save | Entity: repository | Timestamp: 1760296110649
2025-10-12 22:08:30.649 [http-nio-8084-exec-6] DEBUG DATA_ACCESS - DATA_ACCESS_SUCCESS | Operation: BookServiceImpl.updateBookByName | Entity: service | Timestamp: 1760296110649
2025-10-12 22:08:30.666 [http-nio-8084-exec-7] DEBUG DATA_ACCESS - DATA_ACCESS_SUCCESS | Operation: $Proxy139.findByEmail | Entity: repository | Timestamp: 1760296110666
2025-10-12 22:08:30.667 [http-nio-8084-exec-7] DEBUG DATA_ACCESS - DATA_ACCESS_SUCCESS | Operation: $Proxy140.findByEmail | Entity: repository | Timestamp: 1760296110667
2025-10-12 22:08:30.669 [http-nio-8084-exec-7] DEBUG DATA_ACCESS - DATA_ACCESS_SUCCESS | Operation: $Proxy146.findByName | Entity: repository | Timestamp: 1760296110669
2025-10-12 22:08:30.669 [http-nio-8084-exec-7] DEBUG DATA_ACCESS - DATA_ACCESS_SUCCESS | Operation: BookServiceImpl.getBookByName | Entity: service | Timestamp: 1760296110669
2025-10-12 22:09:38.826 [http-nio-8084-exec-9] DEBUG DATA_ACCESS - DATA_ACCESS_SUCCESS | Operation: $Proxy139.findByEmail | Entity: repository | Timestamp: 1760296178826
2025-10-12 22:09:38.828 [http-nio-8084-exec-9] DEBUG DATA_ACCESS - DATA_ACCESS_SUCCESS | Operation: $Proxy140.findByEmail | Entity: repository | Timestamp: 1760296178828
2025-10-12 22:09:38.829 [http-nio-8084-exec-9] DEBUG DATA_ACCESS - DATA_ACCESS_SUCCESS | Operation: GET_ALL_BOOKS | Entity: Book | Timestamp: 1760296178829
2025-10-12 22:09:38.831 [http-nio-8084-exec-9] DEBUG DATA_ACCESS - DATA_ACCESS_SUCCESS | Operation: $Proxy146.findAll | Entity: repository | Timestamp: 1760296178831
2025-10-12 22:09:38.833 [http-nio-8084-exec-9] DEBUG DATA_ACCESS - DATA_ACCESS_SUCCESS | Operation: BookServiceImpl.getAllBooks | Entity: service | Timestamp: 1760296178833
2025-10-12 22:09:39.698 [http-nio-8084-exec-1] DEBUG DATA_ACCESS - DATA_ACCESS_SUCCESS | Operation: $Proxy139.findByEmail | Entity: repository | Timestamp: 1760296179698
2025-10-12 22:09:39.699 [http-nio-8084-exec-1] DEBUG DATA_ACCESS - DATA_ACCESS_SUCCESS | Operation: $Proxy140.findByEmail | Entity: repository | Timestamp: 1760296179699
2025-10-12 22:09:39.701 [http-nio-8084-exec-1] DEBUG DATA_ACCESS - DATA_ACCESS_SUCCESS | Operation: $Proxy146.findByName | Entity: repository | Timestamp: 1760296179701
2025-10-12 22:09:39.701 [http-nio-8084-exec-1] DEBUG DATA_ACCESS - DATA_ACCESS_SUCCESS | Operation: BookServiceImpl.getBookByName | Entity: service | Timestamp: 1760296179701
2025-10-12 22:09:41.289 [http-nio-8084-exec-2] DEBUG DATA_ACCESS - DATA_ACCESS_SUCCESS | Operation: $Proxy139.findByEmail | Entity: repository | Timestamp: 1760296181289
2025-10-12 22:09:41.290 [http-nio-8084-exec-2] DEBUG DATA_ACCESS - DATA_ACCESS_SUCCESS | Operation: $Proxy140.findByEmail | Entity: repository | Timestamp: 1760296181290
2025-10-12 22:09:41.309 [http-nio-8084-exec-2] DEBUG DATA_ACCESS - DATA_ACCESS_SUCCESS | Operation: $Proxy139.findByEmail | Entity: repository | Timestamp: 1760296181309
2025-10-12 22:09:41.310 [http-nio-8084-exec-2] DEBUG DATA_ACCESS - DATA_ACCESS_SUCCESS | Operation: $Proxy140.findByEmail | Entity: repository | Timestamp: 1760296181310
2025-10-12 22:10:01.897 [http-nio-8084-exec-3] DEBUG DATA_ACCESS - DATA_ACCESS_SUCCESS | Operation: $Proxy139.findByEmail | Entity: repository | Timestamp: 1760296201897
2025-10-12 22:10:01.898 [http-nio-8084-exec-3] DEBUG DATA_ACCESS - DATA_ACCESS_SUCCESS | Operation: $Proxy140.findByEmail | Entity: repository | Timestamp: 1760296201898
2025-10-12 22:10:01.899 [http-nio-8084-exec-3] DEBUG DATA_ACCESS - DATA_ACCESS_SUCCESS | Operation: $Proxy146.findByName | Entity: repository | Timestamp: 1760296201899
2025-10-12 22:10:01.899 [http-nio-8084-exec-3] DEBUG DATA_ACCESS - DATA_ACCESS_SUCCESS | Operation: BookServiceImpl.getBookByName | Entity: service | Timestamp: 1760296201899
2025-10-12 22:10:03.188 [http-nio-8084-exec-4] DEBUG DATA_ACCESS - DATA_ACCESS_SUCCESS | Operation: $Proxy139.findByEmail | Entity: repository | Timestamp: 1760296203188
2025-10-12 22:10:03.189 [http-nio-8084-exec-4] DEBUG DATA_ACCESS - DATA_ACCESS_SUCCESS | Operation: $Proxy140.findByEmail | Entity: repository | Timestamp: 1760296203189
2025-10-12 22:10:03.201 [http-nio-8084-exec-4] DEBUG DATA_ACCESS - DATA_ACCESS_SUCCESS | Operation: $Proxy139.findByEmail | Entity: repository | Timestamp: 1760296203201
2025-10-12 22:10:03.202 [http-nio-8084-exec-4] DEBUG DATA_ACCESS - DATA_ACCESS_SUCCESS | Operation: $Proxy140.findByEmail | Entity: repository | Timestamp: 1760296203202
2025-10-12 22:10:04.189 [http-nio-8084-exec-5] DEBUG DATA_ACCESS - DATA_ACCESS_SUCCESS | Operation: $Proxy139.findByEmail | Entity: repository | Timestamp: 1760296204189
2025-10-12 22:10:04.191 [http-nio-8084-exec-5] DEBUG DATA_ACCESS - DATA_ACCESS_SUCCESS | Operation: $Proxy140.findByEmail | Entity: repository | Timestamp: 1760296204191
2025-10-12 22:10:04.193 [http-nio-8084-exec-5] DEBUG DATA_ACCESS - DATA_ACCESS_SUCCESS | Operation: $Proxy146.findByName | Entity: repository | Timestamp: 1760296204193
2025-10-12 22:10:04.193 [http-nio-8084-exec-5] DEBUG DATA_ACCESS - DATA_ACCESS_SUCCESS | Operation: BookServiceImpl.getBookByName | Entity: service | Timestamp: 1760296204193
2025-10-12 22:10:04.641 [http-nio-8084-exec-7] DEBUG DATA_ACCESS - DATA_ACCESS_SUCCESS | Operation: $Proxy139.findByEmail | Entity: repository | Timestamp: 1760296204641
2025-10-12 22:10:04.642 [http-nio-8084-exec-7] DEBUG DATA_ACCESS - DATA_ACCESS_SUCCESS | Operation: $Proxy140.findByEmail | Entity: repository | Timestamp: 1760296204642
2025-10-12 22:10:04.644 [http-nio-8084-exec-7] DEBUG DATA_ACCESS - DATA_ACCESS_SUCCESS | Operation: $Proxy146.findByName | Entity: repository | Timestamp: 1760296204644
2025-10-12 22:10:04.645 [http-nio-8084-exec-7] DEBUG DATA_ACCESS - DATA_ACCESS_SUCCESS | Operation: BookServiceImpl.getBookByName | Entity: service | Timestamp: 1760296204645
2025-10-12 22:10:07.958 [http-nio-8084-exec-9] DEBUG DATA_ACCESS - DATA_ACCESS_SUCCESS | Operation: $Proxy139.findByEmail | Entity: repository | Timestamp: 1760296207958
2025-10-12 22:10:07.960 [http-nio-8084-exec-9] DEBUG DATA_ACCESS - DATA_ACCESS_SUCCESS | Operation: $Proxy140.findByEmail | Entity: repository | Timestamp: 1760296207960
2025-10-12 22:10:07.970 [http-nio-8084-exec-9] DEBUG DATA_ACCESS - DATA_ACCESS_SUCCESS | Operation: $Proxy139.findByEmail | Entity: repository | Timestamp: 1760296207970
2025-10-12 22:10:07.971 [http-nio-8084-exec-9] DEBUG DATA_ACCESS - DATA_ACCESS_SUCCESS | Operation: $Proxy140.findByEmail | Entity: repository | Timestamp: 1760296207971
2025-10-12 22:10:19.478 [http-nio-8084-exec-10] DEBUG DATA_ACCESS - DATA_ACCESS_SUCCESS | Operation: $Proxy139.findByEmail | Entity: repository | Timestamp: 1760296219477
2025-10-12 22:10:19.479 [http-nio-8084-exec-10] DEBUG DATA_ACCESS - DATA_ACCESS_SUCCESS | Operation: $Proxy140.findByEmail | Entity: repository | Timestamp: 1760296219479
2025-10-12 22:10:19.481 [http-nio-8084-exec-10] DEBUG DATA_ACCESS - DATA_ACCESS_SUCCESS | Operation: $Proxy146.findByName | Entity: repository | Timestamp: 1760296219481
2025-10-12 22:10:19.481 [http-nio-8084-exec-10] DEBUG DATA_ACCESS - DATA_ACCESS_SUCCESS | Operation: BookServiceImpl.getBookByName | Entity: service | Timestamp: 1760296219481
2025-10-12 22:10:23.068 [http-nio-8084-exec-4] DEBUG DATA_ACCESS - DATA_ACCESS_SUCCESS | Operation: $Proxy139.findByEmail | Entity: repository | Timestamp: 1760296223068
2025-10-12 22:10:23.070 [http-nio-8084-exec-4] DEBUG DATA_ACCESS - DATA_ACCESS_SUCCESS | Operation: $Proxy140.findByEmail | Entity: repository | Timestamp: 1760296223070
2025-10-12 22:10:23.141 [http-nio-8084-exec-5] DEBUG DATA_ACCESS - DATA_ACCESS_SUCCESS | Operation: $Proxy139.findByEmail | Entity: repository | Timestamp: 1760296223141
2025-10-12 22:10:23.142 [http-nio-8084-exec-5] DEBUG DATA_ACCESS - DATA_ACCESS_SUCCESS | Operation: $Proxy140.findByEmail | Entity: repository | Timestamp: 1760296223142
2025-10-12 22:10:24.454 [http-nio-8084-exec-6] DEBUG DATA_ACCESS - DATA_ACCESS_SUCCESS | Operation: $Proxy139.findByEmail | Entity: repository | Timestamp: 1760296224454
2025-10-12 22:10:24.456 [http-nio-8084-exec-6] DEBUG DATA_ACCESS - DATA_ACCESS_SUCCESS | Operation: $Proxy140.findByEmail | Entity: repository | Timestamp: 1760296224456
2025-10-12 22:10:24.457 [http-nio-8084-exec-6] DEBUG DATA_ACCESS - DATA_ACCESS_SUCCESS | Operation: GET_ALL_BOOKS | Entity: Book | Timestamp: 1760296224457
2025-10-12 22:10:24.458 [http-nio-8084-exec-6] DEBUG DATA_ACCESS - DATA_ACCESS_SUCCESS | Operation: $Proxy146.findAll | Entity: repository | Timestamp: 1760296224458
2025-10-12 22:10:24.459 [http-nio-8084-exec-6] DEBUG DATA_ACCESS - DATA_ACCESS_SUCCESS | Operation: BookServiceImpl.getAllBooks | Entity: service | Timestamp: 1760296224459
2025-10-12 22:10:25.602 [http-nio-8084-exec-7] DEBUG DATA_ACCESS - DATA_ACCESS_SUCCESS | Operation: $Proxy139.findByEmail | Entity: repository | Timestamp: 1760296225602
2025-10-12 22:10:25.603 [http-nio-8084-exec-7] DEBUG DATA_ACCESS - DATA_ACCESS_SUCCESS | Operation: $Proxy140.findByEmail | Entity: repository | Timestamp: 1760296225603
2025-10-12 22:10:25.605 [http-nio-8084-exec-7] DEBUG DATA_ACCESS - DATA_ACCESS_SUCCESS | Operation: $Proxy146.findByName | Entity: repository | Timestamp: 1760296225605
2025-10-12 22:10:25.605 [http-nio-8084-exec-7] DEBUG DATA_ACCESS - DATA_ACCESS_SUCCESS | Operation: BookServiceImpl.getBookByName | Entity: service | Timestamp: 1760296225605
2025-10-12 22:10:27.060 [http-nio-8084-exec-8] DEBUG DATA_ACCESS - DATA_ACCESS_SUCCESS | Operation: $Proxy139.findByEmail | Entity: repository | Timestamp: 1760296227060
2025-10-12 22:10:27.061 [http-nio-8084-exec-8] DEBUG DATA_ACCESS - DATA_ACCESS_SUCCESS | Operation: $Proxy140.findByEmail | Entity: repository | Timestamp: 1760296227061
2025-10-12 22:10:27.073 [http-nio-8084-exec-8] DEBUG DATA_ACCESS - DATA_ACCESS_SUCCESS | Operation: $Proxy139.findByEmail | Entity: repository | Timestamp: 1760296227073
2025-10-12 22:10:27.074 [http-nio-8084-exec-8] DEBUG DATA_ACCESS - DATA_ACCESS_SUCCESS | Operation: $Proxy140.findByEmail | Entity: repository | Timestamp: 1760296227074
2025-10-12 22:10:28.696 [http-nio-8084-exec-9] DEBUG DATA_ACCESS - DATA_ACCESS_SUCCESS | Operation: $Proxy139.findByEmail | Entity: repository | Timestamp: 1760296228696
2025-10-12 22:10:28.698 [http-nio-8084-exec-9] DEBUG DATA_ACCESS - DATA_ACCESS_SUCCESS | Operation: $Proxy140.findByEmail | Entity: repository | Timestamp: 1760296228698
2025-10-12 22:10:28.700 [http-nio-8084-exec-9] DEBUG DATA_ACCESS - DATA_ACCESS_SUCCESS | Operation: $Proxy146.findByName | Entity: repository | Timestamp: 1760296228700
2025-10-12 22:10:28.700 [http-nio-8084-exec-9] DEBUG DATA_ACCESS - DATA_ACCESS_SUCCESS | Operation: BookServiceImpl.getBookByName | Entity: service | Timestamp: 1760296228700
2025-10-12 22:10:31.605 [http-nio-8084-exec-10] DEBUG DATA_ACCESS - DATA_ACCESS_SUCCESS | Operation: $Proxy139.findByEmail | Entity: repository | Timestamp: 1760296231605
2025-10-12 22:10:31.606 [http-nio-8084-exec-10] DEBUG DATA_ACCESS - DATA_ACCESS_SUCCESS | Operation: $Proxy140.findByEmail | Entity: repository | Timestamp: 1760296231606
2025-10-12 22:10:31.609 [http-nio-8084-exec-10] DEBUG DATA_ACCESS - DATA_ACCESS_SUCCESS | Operation: $Proxy146.findByName | Entity: repository | Timestamp: 1760296231609
2025-10-12 22:10:31.609 [http-nio-8084-exec-10] DEBUG DATA_ACCESS - DATA_ACCESS_SUCCESS | Operation: $Proxy146.save | Entity: repository | Timestamp: 1760296231609
2025-10-12 22:10:31.609 [http-nio-8084-exec-10] DEBUG DATA_ACCESS - DATA_ACCESS_SUCCESS | Operation: BookServiceImpl.updateBookByName | Entity: service | Timestamp: 1760296231609
2025-10-12 22:10:31.617 [http-nio-8084-exec-1] DEBUG DATA_ACCESS - DATA_ACCESS_SUCCESS | Operation: $Proxy139.findByEmail | Entity: repository | Timestamp: 1760296231617
2025-10-12 22:10:31.618 [http-nio-8084-exec-1] DEBUG DATA_ACCESS - DATA_ACCESS_SUCCESS | Operation: $Proxy140.findByEmail | Entity: repository | Timestamp: 1760296231618
2025-10-12 22:10:31.620 [http-nio-8084-exec-1] DEBUG DATA_ACCESS - DATA_ACCESS_SUCCESS | Operation: $Proxy146.findByName | Entity: repository | Timestamp: 1760296231620
2025-10-12 22:10:31.620 [http-nio-8084-exec-1] DEBUG DATA_ACCESS - DATA_ACCESS_SUCCESS | Operation: BookServiceImpl.getBookByName | Entity: service | Timestamp: 1760296231620
2025-10-12 22:10:32.548 [http-nio-8084-exec-2] DEBUG DATA_ACCESS - DATA_ACCESS_SUCCESS | Operation: $Proxy139.findByEmail | Entity: repository | Timestamp: 1760296232548
2025-10-12 22:10:32.549 [http-nio-8084-exec-2] DEBUG DATA_ACCESS - DATA_ACCESS_SUCCESS | Operation: $Proxy140.findByEmail | Entity: repository | Timestamp: 1760296232549
2025-10-12 22:10:32.551 [http-nio-8084-exec-2] DEBUG DATA_ACCESS - DATA_ACCESS_SUCCESS | Operation: $Proxy146.findByName | Entity: repository | Timestamp: 1760296232551
2025-10-12 22:10:32.551 [http-nio-8084-exec-2] DEBUG DATA_ACCESS - DATA_ACCESS_SUCCESS | Operation: BookServiceImpl.getBookByName | Entity: service | Timestamp: 1760296232551
2025-10-12 22:11:31.836 [http-nio-8084-exec-3] DEBUG DATA_ACCESS - DATA_ACCESS_SUCCESS | Operation: $Proxy139.findByEmail | Entity: repository | Timestamp: 1760296291836
2025-10-12 22:11:31.838 [http-nio-8084-exec-3] DEBUG DATA_ACCESS - DATA_ACCESS_SUCCESS | Operation: $Proxy140.findByEmail | Entity: repository | Timestamp: 1760296291838
2025-10-12 22:11:31.839 [http-nio-8084-exec-3] DEBUG DATA_ACCESS - DATA_ACCESS_SUCCESS | Operation: $Proxy146.findByName | Entity: repository | Timestamp: 1760296291839
2025-10-12 22:11:31.839 [http-nio-8084-exec-3] DEBUG DATA_ACCESS - DATA_ACCESS_SUCCESS | Operation: BookServiceImpl.getBookByName | Entity: service | Timestamp: 1760296291839
2025-10-12 22:11:32.500 [http-nio-8084-exec-5] DEBUG DATA_ACCESS - DATA_ACCESS_SUCCESS | Operation: $Proxy139.findByEmail | Entity: repository | Timestamp: 1760296292500
2025-10-12 22:11:32.502 [http-nio-8084-exec-5] DEBUG DATA_ACCESS - DATA_ACCESS_SUCCESS | Operation: $Proxy140.findByEmail | Entity: repository | Timestamp: 1760296292502
2025-10-12 22:11:34.397 [http-nio-8084-exec-6] DEBUG DATA_ACCESS - DATA_ACCESS_SUCCESS | Operation: $Proxy139.findByEmail | Entity: repository | Timestamp: 1760296294397
2025-10-12 22:11:34.399 [http-nio-8084-exec-6] DEBUG DATA_ACCESS - DATA_ACCESS_SUCCESS | Operation: $Proxy140.findByEmail | Entity: repository | Timestamp: 1760296294399
2025-10-12 22:11:46.208 [http-nio-8084-exec-7] DEBUG DATA_ACCESS - DATA_ACCESS_SUCCESS | Operation: $Proxy139.findByEmail | Entity: repository | Timestamp: 1760296306208
2025-10-12 22:11:46.210 [http-nio-8084-exec-7] DEBUG DATA_ACCESS - DATA_ACCESS_SUCCESS | Operation: $Proxy140.findByEmail | Entity: repository | Timestamp: 1760296306210
2025-10-12 22:11:48.186 [http-nio-8084-exec-8] DEBUG DATA_ACCESS - DATA_ACCESS_SUCCESS | Operation: $Proxy139.findByEmail | Entity: repository | Timestamp: 1760296308186
2025-10-12 22:11:48.187 [http-nio-8084-exec-8] DEBUG DATA_ACCESS - DATA_ACCESS_SUCCESS | Operation: $Proxy140.findByEmail | Entity: repository | Timestamp: 1760296308187
2025-10-12 22:11:50.509 [http-nio-8084-exec-9] DEBUG DATA_ACCESS - DATA_ACCESS_SUCCESS | Operation: $Proxy139.findByEmail | Entity: repository | Timestamp: 1760296310509
2025-10-12 22:11:50.511 [http-nio-8084-exec-9] DEBUG DATA_ACCESS - DATA_ACCESS_SUCCESS | Operation: $Proxy140.findByEmail | Entity: repository | Timestamp: 1760296310511
2025-10-12 22:11:53.091 [http-nio-8084-exec-10] DEBUG DATA_ACCESS - DATA_ACCESS_SUCCESS | Operation: $Proxy139.findByEmail | Entity: repository | Timestamp: 1760296313091
2025-10-12 22:11:53.094 [http-nio-8084-exec-10] DEBUG DATA_ACCESS - DATA_ACCESS_SUCCESS | Operation: $Proxy140.findByEmail | Entity: repository | Timestamp: 1760296313094
2025-10-12 22:11:54.662 [http-nio-8084-exec-1] DEBUG DATA_ACCESS - DATA_ACCESS_SUCCESS | Operation: $Proxy139.findByEmail | Entity: repository | Timestamp: 1760296314662
2025-10-12 22:11:54.664 [http-nio-8084-exec-1] DEBUG DATA_ACCESS - DATA_ACCESS_SUCCESS | Operation: $Proxy140.findByEmail | Entity: repository | Timestamp: 1760296314664
2025-10-12 22:11:54.664 [http-nio-8084-exec-1] DEBUG DATA_ACCESS - DATA_ACCESS_SUCCESS | Operation: GET_ALL_BOOKS | Entity: Book | Timestamp: 1760296314664
2025-10-12 22:11:54.666 [http-nio-8084-exec-1] DEBUG DATA_ACCESS - DATA_ACCESS_SUCCESS | Operation: $Proxy146.findAll | Entity: repository | Timestamp: 1760296314666
2025-10-12 22:11:54.668 [http-nio-8084-exec-1] DEBUG DATA_ACCESS - DATA_ACCESS_SUCCESS | Operation: BookServiceImpl.getAllBooks | Entity: service | Timestamp: 1760296314668
2025-10-12 22:11:55.106 [http-nio-8084-exec-2] DEBUG DATA_ACCESS - DATA_ACCESS_SUCCESS | Operation: $Proxy139.findByEmail | Entity: repository | Timestamp: 1760296315106
2025-10-12 22:11:55.109 [http-nio-8084-exec-2] DEBUG DATA_ACCESS - DATA_ACCESS_SUCCESS | Operation: $Proxy140.findByEmail | Entity: repository | Timestamp: 1760296315109
2025-10-12 22:11:55.452 [http-nio-8084-exec-3] DEBUG DATA_ACCESS - DATA_ACCESS_SUCCESS | Operation: $Proxy139.findByEmail | Entity: repository | Timestamp: 1760296315452
2025-10-12 22:11:55.454 [http-nio-8084-exec-3] DEBUG DATA_ACCESS - DATA_ACCESS_SUCCESS | Operation: $Proxy140.findByEmail | Entity: repository | Timestamp: 1760296315454
2025-10-12 22:11:55.455 [http-nio-8084-exec-3] DEBUG DATA_ACCESS - DATA_ACCESS_SUCCESS | Operation: GET_ALL_BOOKS | Entity: Book | Timestamp: 1760296315455
2025-10-12 22:11:55.456 [http-nio-8084-exec-3] DEBUG DATA_ACCESS - DATA_ACCESS_SUCCESS | Operation: $Proxy146.findAll | Entity: repository | Timestamp: 1760296315456
2025-10-12 22:11:55.457 [http-nio-8084-exec-3] DEBUG DATA_ACCESS - DATA_ACCESS_SUCCESS | Operation: BookServiceImpl.getAllBooks | Entity: service | Timestamp: 1760296315457
2025-10-12 22:11:56.149 [http-nio-8084-exec-4] DEBUG DATA_ACCESS - DATA_ACCESS_SUCCESS | Operation: $Proxy139.findByEmail | Entity: repository | Timestamp: 1760296316149
2025-10-12 22:11:56.151 [http-nio-8084-exec-4] DEBUG DATA_ACCESS - DATA_ACCESS_SUCCESS | Operation: $Proxy140.findByEmail | Entity: repository | Timestamp: 1760296316151
2025-10-12 22:11:56.153 [http-nio-8084-exec-4] DEBUG DATA_ACCESS - DATA_ACCESS_SUCCESS | Operation: $Proxy146.findByName | Entity: repository | Timestamp: 1760296316153
2025-10-12 22:11:56.153 [http-nio-8084-exec-4] DEBUG DATA_ACCESS - DATA_ACCESS_SUCCESS | Operation: BookServiceImpl.getBookByName | Entity: service | Timestamp: 1760296316153
2025-10-12 22:11:57.708 [http-nio-8084-exec-5] DEBUG DATA_ACCESS - DATA_ACCESS_SUCCESS | Operation: $Proxy139.findByEmail | Entity: repository | Timestamp: 1760296317708
2025-10-12 22:11:57.710 [http-nio-8084-exec-5] DEBUG DATA_ACCESS - DATA_ACCESS_SUCCESS | Operation: $Proxy140.findByEmail | Entity: repository | Timestamp: 1760296317710
2025-10-12 22:12:02.960 [http-nio-8084-exec-6] DEBUG DATA_ACCESS - DATA_ACCESS_SUCCESS | Operation: $Proxy139.findByEmail | Entity: repository | Timestamp: 1760296322960
2025-10-12 22:12:02.962 [http-nio-8084-exec-6] DEBUG DATA_ACCESS - DATA_ACCESS_SUCCESS | Operation: $Proxy140.findByEmail | Entity: repository | Timestamp: 1760296322962
2025-10-12 22:12:06.312 [http-nio-8084-exec-7] DEBUG DATA_ACCESS - DATA_ACCESS_SUCCESS | Operation: $Proxy139.findByEmail | Entity: repository | Timestamp: 1760296326312
2025-10-12 22:12:06.314 [http-nio-8084-exec-7] DEBUG DATA_ACCESS - DATA_ACCESS_SUCCESS | Operation: $Proxy140.findByEmail | Entity: repository | Timestamp: 1760296326314
2025-10-12 22:12:06.317 [http-nio-8084-exec-7] DEBUG DATA_ACCESS - DATA_ACCESS_SUCCESS | Operation: $Proxy146.findByName | Entity: repository | Timestamp: 1760296326317
2025-10-12 22:12:06.317 [http-nio-8084-exec-7] DEBUG DATA_ACCESS - DATA_ACCESS_SUCCESS | Operation: $Proxy146.existsByName | Entity: repository | Timestamp: 1760296326317
2025-10-12 22:12:06.318 [http-nio-8084-exec-7] DEBUG DATA_ACCESS - DATA_ACCESS_SUCCESS | Operation: $Proxy146.save | Entity: repository | Timestamp: 1760296326318
2025-10-12 22:12:06.318 [http-nio-8084-exec-7] DEBUG DATA_ACCESS - DATA_ACCESS_SUCCESS | Operation: BookServiceImpl.updateBookByName | Entity: service | Timestamp: 1760296326318
2025-10-12 22:12:06.325 [http-nio-8084-exec-8] DEBUG DATA_ACCESS - DATA_ACCESS_SUCCESS | Operation: $Proxy139.findByEmail | Entity: repository | Timestamp: 1760296326325
2025-10-12 22:12:06.326 [http-nio-8084-exec-8] DEBUG DATA_ACCESS - DATA_ACCESS_SUCCESS | Operation: $Proxy140.findByEmail | Entity: repository | Timestamp: 1760296326326
2025-10-12 22:12:06.328 [http-nio-8084-exec-8] DEBUG DATA_ACCESS - DATA_ACCESS_SUCCESS | Operation: $Proxy146.findByName | Entity: repository | Timestamp: 1760296326328
2025-10-12 22:12:06.328 [http-nio-8084-exec-8] DEBUG DATA_ACCESS - DATA_ACCESS_SUCCESS | Operation: BookServiceImpl.getBookByName | Entity: service | Timestamp: 1760296326328
2025-10-12 22:35:03.107 [http-nio-8084-exec-1] DEBUG DATA_ACCESS - DATA_ACCESS_SUCCESS | Operation: $Proxy139.findByEmail | Entity: repository | Timestamp: 1760297703107
2025-10-12 22:35:03.117 [http-nio-8084-exec-1] DEBUG DATA_ACCESS - DATA_ACCESS_SUCCESS | Operation: $Proxy140.findByEmail | Entity: repository | Timestamp: 1760297703117
2025-10-12 22:35:03.143 [http-nio-8084-exec-1] DEBUG DATA_ACCESS - DATA_ACCESS_SUCCESS | Operation: $Proxy146.findByName | Entity: repository | Timestamp: 1760297703143
2025-10-12 22:35:03.146 [http-nio-8084-exec-1] ERROR DATA_ACCESS - DATA_ACCESS_FAILED | Operation: BookServiceImpl.getBookByName | Entity: service | Timestamp: 1760297703146
2025-10-12 22:35:07.619 [http-nio-8084-exec-3] DEBUG DATA_ACCESS - DATA_ACCESS_SUCCESS | Operation: $Proxy139.findByEmail | Entity: repository | Timestamp: 1760297707619
2025-10-12 22:35:07.622 [http-nio-8084-exec-3] DEBUG DATA_ACCESS - DATA_ACCESS_SUCCESS | Operation: $Proxy140.findByEmail | Entity: repository | Timestamp: 1760297707622
2025-10-12 22:35:12.914 [http-nio-8084-exec-7] DEBUG DATA_ACCESS - DATA_ACCESS_SUCCESS | Operation: $Proxy139.existsByEmail | Entity: repository | Timestamp: 1760297712914
2025-10-12 22:35:13.025 [http-nio-8084-exec-7] DEBUG DATA_ACCESS - DATA_ACCESS_SUCCESS | Operation: $Proxy139.save | Entity: repository | Timestamp: 1760297713025
2025-10-12 22:35:13.027 [http-nio-8084-exec-7] DEBUG DATA_ACCESS - DATA_ACCESS_SUCCESS | Operation: ClientServiceImpl.addClient | Entity: service | Timestamp: 1760297713027
2025-10-12 22:35:14.939 [http-nio-8084-exec-9] DEBUG DATA_ACCESS - DATA_ACCESS_SUCCESS | Operation: $Proxy139.findByEmail | Entity: repository | Timestamp: 1760297714939
2025-10-12 22:35:15.011 [http-nio-8084-exec-10] DEBUG DATA_ACCESS - DATA_ACCESS_SUCCESS | Operation: $Proxy139.findByEmail | Entity: repository | Timestamp: 1760297715011
2025-10-12 22:35:15.013 [http-nio-8084-exec-10] DEBUG DATA_ACCESS - DATA_ACCESS_SUCCESS | Operation: $Proxy140.findByEmail | Entity: repository | Timestamp: 1760297715013
2025-10-12 22:35:15.827 [http-nio-8084-exec-1] DEBUG DATA_ACCESS - DATA_ACCESS_SUCCESS | Operation: $Proxy139.findByEmail | Entity: repository | Timestamp: 1760297715827
2025-10-12 22:35:15.829 [http-nio-8084-exec-1] DEBUG DATA_ACCESS - DATA_ACCESS_SUCCESS | Operation: $Proxy140.findByEmail | Entity: repository | Timestamp: 1760297715829
2025-10-12 22:35:15.833 [http-nio-8084-exec-1] DEBUG DATA_ACCESS - DATA_ACCESS_SUCCESS | Operation: GET_ALL_BOOKS | Entity: Book | Timestamp: 1760297715833
2025-10-12 22:35:15.846 [http-nio-8084-exec-1] DEBUG DATA_ACCESS - DATA_ACCESS_SUCCESS | Operation: $Proxy146.findAll | Entity: repository | Timestamp: 1760297715846
2025-10-12 22:35:15.853 [http-nio-8084-exec-1] DEBUG DATA_ACCESS - DATA_ACCESS_SUCCESS | Operation: BookServiceImpl.getAllBooks | Entity: service | Timestamp: 1760297715853
2025-10-12 22:35:16.301 [http-nio-8084-exec-2] DEBUG DATA_ACCESS - DATA_ACCESS_SUCCESS | Operation: $Proxy139.findByEmail | Entity: repository | Timestamp: 1760297716301
2025-10-12 22:35:16.303 [http-nio-8084-exec-2] DEBUG DATA_ACCESS - DATA_ACCESS_SUCCESS | Operation: $Proxy140.findByEmail | Entity: repository | Timestamp: 1760297716303
2025-10-12 22:35:16.305 [http-nio-8084-exec-2] DEBUG DATA_ACCESS - DATA_ACCESS_SUCCESS | Operation: GET_ALL_BOOKS | Entity: Book | Timestamp: 1760297716305
2025-10-12 22:35:16.311 [http-nio-8084-exec-2] DEBUG DATA_ACCESS - DATA_ACCESS_SUCCESS | Operation: $Proxy146.findAll | Entity: repository | Timestamp: 1760297716311
2025-10-12 22:35:16.314 [http-nio-8084-exec-2] DEBUG DATA_ACCESS - DATA_ACCESS_SUCCESS | Operation: BookServiceImpl.getAllBooks | Entity: service | Timestamp: 1760297716314
2025-10-12 22:35:16.657 [http-nio-8084-exec-3] DEBUG DATA_ACCESS - DATA_ACCESS_SUCCESS | Operation: $Proxy139.findByEmail | Entity: repository | Timestamp: 1760297716657
2025-10-12 22:35:16.659 [http-nio-8084-exec-3] DEBUG DATA_ACCESS - DATA_ACCESS_SUCCESS | Operation: $Proxy140.findByEmail | Entity: repository | Timestamp: 1760297716659
2025-10-12 22:35:16.660 [http-nio-8084-exec-3] DEBUG DATA_ACCESS - DATA_ACCESS_SUCCESS | Operation: GET_ALL_BOOKS | Entity: Book | Timestamp: 1760297716660
2025-10-12 22:35:16.665 [http-nio-8084-exec-3] DEBUG DATA_ACCESS - DATA_ACCESS_SUCCESS | Operation: $Proxy146.findAll | Entity: repository | Timestamp: 1760297716665
2025-10-12 22:35:16.668 [http-nio-8084-exec-3] DEBUG DATA_ACCESS - DATA_ACCESS_SUCCESS | Operation: BookServiceImpl.getAllBooks | Entity: service | Timestamp: 1760297716668
2025-10-12 22:35:17.092 [http-nio-8084-exec-4] DEBUG DATA_ACCESS - DATA_ACCESS_SUCCESS | Operation: $Proxy139.findByEmail | Entity: repository | Timestamp: 1760297717092
2025-10-12 22:35:17.094 [http-nio-8084-exec-4] DEBUG DATA_ACCESS - DATA_ACCESS_SUCCESS | Operation: $Proxy140.findByEmail | Entity: repository | Timestamp: 1760297717094
2025-10-12 22:35:17.098 [http-nio-8084-exec-4] DEBUG DATA_ACCESS - DATA_ACCESS_SUCCESS | Operation: $Proxy146.findByName | Entity: repository | Timestamp: 1760297717098
2025-10-12 22:35:17.098 [http-nio-8084-exec-4] DEBUG DATA_ACCESS - DATA_ACCESS_SUCCESS | Operation: BookServiceImpl.getBookByName | Entity: service | Timestamp: 1760297717098
2025-10-12 22:35:18.037 [http-nio-8084-exec-5] DEBUG DATA_ACCESS - DATA_ACCESS_SUCCESS | Operation: $Proxy139.findByEmail | Entity: repository | Timestamp: 1760297718037
2025-10-12 22:35:18.038 [http-nio-8084-exec-5] DEBUG DATA_ACCESS - DATA_ACCESS_SUCCESS | Operation: $Proxy140.findByEmail | Entity: repository | Timestamp: 1760297718038
2025-10-12 22:35:18.043 [http-nio-8084-exec-5] DEBUG DATA_ACCESS - DATA_ACCESS_SUCCESS | Operation: $Proxy146.findByName | Entity: repository | Timestamp: 1760297718043
2025-10-12 22:35:18.044 [http-nio-8084-exec-5] DEBUG DATA_ACCESS - DATA_ACCESS_SUCCESS | Operation: BookServiceImpl.getBookByName | Entity: service | Timestamp: 1760297718044
2025-10-12 22:35:18.051 [http-nio-8084-exec-6] DEBUG DATA_ACCESS - DATA_ACCESS_SUCCESS | Operation: $Proxy139.findByEmail | Entity: repository | Timestamp: 1760297718051
2025-10-12 22:35:18.052 [http-nio-8084-exec-6] DEBUG DATA_ACCESS - DATA_ACCESS_SUCCESS | Operation: $Proxy140.findByEmail | Entity: repository | Timestamp: 1760297718052
2025-10-12 22:35:18.053 [http-nio-8084-exec-6] DEBUG DATA_ACCESS - DATA_ACCESS_SUCCESS | Operation: GET_ALL_BOOKS | Entity: Book | Timestamp: 1760297718053
2025-10-12 22:35:18.056 [http-nio-8084-exec-6] DEBUG DATA_ACCESS - DATA_ACCESS_SUCCESS | Operation: $Proxy146.findAll | Entity: repository | Timestamp: 1760297718056
2025-10-12 22:35:18.058 [http-nio-8084-exec-6] DEBUG DATA_ACCESS - DATA_ACCESS_SUCCESS | Operation: BookServiceImpl.getAllBooks | Entity: service | Timestamp: 1760297718058
2025-10-12 22:35:20.051 [http-nio-8084-exec-7] DEBUG DATA_ACCESS - DATA_ACCESS_SUCCESS | Operation: $Proxy139.findByEmail | Entity: repository | Timestamp: 1760297720051
2025-10-12 22:35:20.052 [http-nio-8084-exec-7] DEBUG DATA_ACCESS - DATA_ACCESS_SUCCESS | Operation: $Proxy140.findByEmail | Entity: repository | Timestamp: 1760297720052
2025-10-12 22:35:20.060 [http-nio-8084-exec-8] DEBUG DATA_ACCESS - DATA_ACCESS_SUCCESS | Operation: $Proxy139.findByEmail | Entity: repository | Timestamp: 1760297720060
2025-10-12 22:35:20.062 [http-nio-8084-exec-8] DEBUG DATA_ACCESS - DATA_ACCESS_SUCCESS | Operation: $Proxy140.findByEmail | Entity: repository | Timestamp: 1760297720062
2025-10-12 22:35:20.063 [http-nio-8084-exec-8] DEBUG DATA_ACCESS - DATA_ACCESS_SUCCESS | Operation: GET_ALL_BOOKS | Entity: Book | Timestamp: 1760297720063
2025-10-12 22:35:20.067 [http-nio-8084-exec-8] DEBUG DATA_ACCESS - DATA_ACCESS_SUCCESS | Operation: $Proxy146.findAll | Entity: repository | Timestamp: 1760297720067
2025-10-12 22:35:20.069 [http-nio-8084-exec-8] DEBUG DATA_ACCESS - DATA_ACCESS_SUCCESS | Operation: BookServiceImpl.getAllBooks | Entity: service | Timestamp: 1760297720069
2025-10-12 22:35:22.227 [http-nio-8084-exec-9] DEBUG DATA_ACCESS - DATA_ACCESS_SUCCESS | Operation: $Proxy139.findByEmail | Entity: repository | Timestamp: 1760297722227
2025-10-12 22:35:22.229 [http-nio-8084-exec-9] DEBUG DATA_ACCESS - DATA_ACCESS_SUCCESS | Operation: $Proxy140.findByEmail | Entity: repository | Timestamp: 1760297722229
2025-10-12 22:35:22.236 [http-nio-8084-exec-10] DEBUG DATA_ACCESS - DATA_ACCESS_SUCCESS | Operation: $Proxy139.findByEmail | Entity: repository | Timestamp: 1760297722236
2025-10-12 22:35:22.237 [http-nio-8084-exec-10] DEBUG DATA_ACCESS - DATA_ACCESS_SUCCESS | Operation: $Proxy140.findByEmail | Entity: repository | Timestamp: 1760297722237
2025-10-12 22:35:22.238 [http-nio-8084-exec-10] DEBUG DATA_ACCESS - DATA_ACCESS_SUCCESS | Operation: GET_ALL_BOOKS | Entity: Book | Timestamp: 1760297722238
2025-10-12 22:35:22.241 [http-nio-8084-exec-10] DEBUG DATA_ACCESS - DATA_ACCESS_SUCCESS | Operation: $Proxy146.findAll | Entity: repository | Timestamp: 1760297722241
2025-10-12 22:35:22.244 [http-nio-8084-exec-10] DEBUG DATA_ACCESS - DATA_ACCESS_SUCCESS | Operation: BookServiceImpl.getAllBooks | Entity: service | Timestamp: 1760297722244
2025-10-12 22:35:23.154 [http-nio-8084-exec-1] DEBUG DATA_ACCESS - DATA_ACCESS_SUCCESS | Operation: $Proxy139.findByEmail | Entity: repository | Timestamp: 1760297723154
2025-10-12 22:35:23.155 [http-nio-8084-exec-1] DEBUG DATA_ACCESS - DATA_ACCESS_SUCCESS | Operation: $Proxy140.findByEmail | Entity: repository | Timestamp: 1760297723155
2025-10-12 22:35:23.156 [http-nio-8084-exec-1] DEBUG DATA_ACCESS - DATA_ACCESS_SUCCESS | Operation: GET_ALL_BOOKS | Entity: Book | Timestamp: 1760297723156
2025-10-12 22:35:23.160 [http-nio-8084-exec-1] DEBUG DATA_ACCESS - DATA_ACCESS_SUCCESS | Operation: $Proxy146.findAll | Entity: repository | Timestamp: 1760297723160
2025-10-12 22:35:23.161 [http-nio-8084-exec-1] DEBUG DATA_ACCESS - DATA_ACCESS_SUCCESS | Operation: BookServiceImpl.getAllBooks | Entity: service | Timestamp: 1760297723161
2025-10-12 22:35:24.241 [http-nio-8084-exec-2] DEBUG DATA_ACCESS - DATA_ACCESS_SUCCESS | Operation: $Proxy139.findByEmail | Entity: repository | Timestamp: 1760297724241
2025-10-12 22:35:24.244 [http-nio-8084-exec-2] DEBUG DATA_ACCESS - DATA_ACCESS_SUCCESS | Operation: $Proxy140.findByEmail | Entity: repository | Timestamp: 1760297724244
2025-10-12 22:35:24.248 [http-nio-8084-exec-2] DEBUG DATA_ACCESS - DATA_ACCESS_SUCCESS | Operation: $Proxy146.findByName | Entity: repository | Timestamp: 1760297724248
2025-10-12 22:35:24.248 [http-nio-8084-exec-2] DEBUG DATA_ACCESS - DATA_ACCESS_SUCCESS | Operation: BookServiceImpl.getBookByName | Entity: service | Timestamp: 1760297724248
2025-10-12 22:35:25.230 [http-nio-8084-exec-3] DEBUG DATA_ACCESS - DATA_ACCESS_SUCCESS | Operation: $Proxy139.findByEmail | Entity: repository | Timestamp: 1760297725230
2025-10-12 22:35:25.232 [http-nio-8084-exec-3] DEBUG DATA_ACCESS - DATA_ACCESS_SUCCESS | Operation: $Proxy140.findByEmail | Entity: repository | Timestamp: 1760297725232
2025-10-12 22:35:25.234 [http-nio-8084-exec-3] DEBUG DATA_ACCESS - DATA_ACCESS_SUCCESS | Operation: $Proxy146.findByName | Entity: repository | Timestamp: 1760297725234
2025-10-12 22:35:25.235 [http-nio-8084-exec-3] DEBUG DATA_ACCESS - DATA_ACCESS_SUCCESS | Operation: BookServiceImpl.getBookByName | Entity: service | Timestamp: 1760297725235
2025-10-12 22:35:25.243 [http-nio-8084-exec-4] DEBUG DATA_ACCESS - DATA_ACCESS_SUCCESS | Operation: $Proxy139.findByEmail | Entity: repository | Timestamp: 1760297725243
2025-10-12 22:35:25.244 [http-nio-8084-exec-4] DEBUG DATA_ACCESS - DATA_ACCESS_SUCCESS | Operation: $Proxy140.findByEmail | Entity: repository | Timestamp: 1760297725244
2025-10-12 22:35:25.245 [http-nio-8084-exec-4] DEBUG DATA_ACCESS - DATA_ACCESS_SUCCESS | Operation: GET_ALL_BOOKS | Entity: Book | Timestamp: 1760297725245
2025-10-12 22:35:25.248 [http-nio-8084-exec-4] DEBUG DATA_ACCESS - DATA_ACCESS_SUCCESS | Operation: $Proxy146.findAll | Entity: repository | Timestamp: 1760297725248
2025-10-12 22:35:25.252 [http-nio-8084-exec-4] DEBUG DATA_ACCESS - DATA_ACCESS_SUCCESS | Operation: BookServiceImpl.getAllBooks | Entity: service | Timestamp: 1760297725252
2025-10-12 22:35:26.739 [http-nio-8084-exec-5] DEBUG DATA_ACCESS - DATA_ACCESS_SUCCESS | Operation: $Proxy139.findByEmail | Entity: repository | Timestamp: 1760297726739
2025-10-12 22:35:26.740 [http-nio-8084-exec-5] DEBUG DATA_ACCESS - DATA_ACCESS_SUCCESS | Operation: $Proxy140.findByEmail | Entity: repository | Timestamp: 1760297726740
2025-10-12 22:35:26.746 [http-nio-8084-exec-5] DEBUG DATA_ACCESS - DATA_ACCESS_SUCCESS | Operation: $Proxy146.findByName | Entity: repository | Timestamp: 1760297726746
2025-10-12 22:35:26.746 [http-nio-8084-exec-5] DEBUG DATA_ACCESS - DATA_ACCESS_SUCCESS | Operation: BookServiceImpl.getBookByName | Entity: service | Timestamp: 1760297726746
2025-10-12 22:35:26.748 [http-nio-8084-exec-5] DEBUG DATA_ACCESS - DATA_ACCESS_SUCCESS | Operation: $Proxy146.findByName | Entity: repository | Timestamp: 1760297726748
2025-10-12 22:35:26.748 [http-nio-8084-exec-5] DEBUG DATA_ACCESS - DATA_ACCESS_SUCCESS | Operation: BookServiceImpl.getBookByName | Entity: service | Timestamp: 1760297726748
2025-10-12 22:35:26.750 [http-nio-8084-exec-5] DEBUG DATA_ACCESS - DATA_ACCESS_SUCCESS | Operation: $Proxy139.findByEmail | Entity: repository | Timestamp: 1760297726750
2025-10-12 22:35:26.750 [http-nio-8084-exec-5] DEBUG DATA_ACCESS - DATA_ACCESS_SUCCESS | Operation: ClientServiceImpl.getClientByEmail | Entity: service | Timestamp: 1760297726750
2025-10-12 22:35:29.158 [http-nio-8084-exec-6] DEBUG DATA_ACCESS - DATA_ACCESS_SUCCESS | Operation: $Proxy139.findByEmail | Entity: repository | Timestamp: 1760297729158
2025-10-12 22:35:29.161 [http-nio-8084-exec-6] DEBUG DATA_ACCESS - DATA_ACCESS_SUCCESS | Operation: $Proxy140.findByEmail | Entity: repository | Timestamp: 1760297729161
2025-10-12 22:35:29.163 [http-nio-8084-exec-6] DEBUG DATA_ACCESS - DATA_ACCESS_SUCCESS | Operation: $Proxy139.findByEmail | Entity: repository | Timestamp: 1760297729163
2025-10-12 22:35:29.163 [http-nio-8084-exec-6] DEBUG DATA_ACCESS - DATA_ACCESS_SUCCESS | Operation: ClientServiceImpl.getClientByEmail | Entity: service | Timestamp: 1760297729163
2025-10-12 22:35:30.479 [http-nio-8084-exec-7] DEBUG DATA_ACCESS - DATA_ACCESS_SUCCESS | Operation: $Proxy139.findByEmail | Entity: repository | Timestamp: 1760297730479
2025-10-12 22:35:30.481 [http-nio-8084-exec-7] DEBUG DATA_ACCESS - DATA_ACCESS_SUCCESS | Operation: $Proxy140.findByEmail | Entity: repository | Timestamp: 1760297730481
2025-10-12 22:35:30.483 [http-nio-8084-exec-7] DEBUG DATA_ACCESS - DATA_ACCESS_SUCCESS | Operation: $Proxy139.findByEmail | Entity: repository | Timestamp: 1760297730483
2025-10-12 22:35:30.483 [http-nio-8084-exec-7] DEBUG DATA_ACCESS - DATA_ACCESS_SUCCESS | Operation: ClientServiceImpl.getClientByEmail | Entity: service | Timestamp: 1760297730483
2025-10-12 22:35:31.686 [http-nio-8084-exec-8] DEBUG DATA_ACCESS - DATA_ACCESS_SUCCESS | Operation: $Proxy139.findByEmail | Entity: repository | Timestamp: 1760297731686
2025-10-12 22:35:31.689 [http-nio-8084-exec-8] DEBUG DATA_ACCESS - DATA_ACCESS_SUCCESS | Operation: $Proxy140.findByEmail | Entity: repository | Timestamp: 1760297731689
2025-10-12 22:35:31.691 [http-nio-8084-exec-8] DEBUG DATA_ACCESS - DATA_ACCESS_SUCCESS | Operation: $Proxy139.findByEmail | Entity: repository | Timestamp: 1760297731691
2025-10-12 22:35:31.692 [http-nio-8084-exec-8] DEBUG DATA_ACCESS - DATA_ACCESS_SUCCESS | Operation: ClientServiceImpl.getClientByEmail | Entity: service | Timestamp: 1760297731692
2025-10-12 22:35:34.114 [http-nio-8084-exec-9] DEBUG DATA_ACCESS - DATA_ACCESS_SUCCESS | Operation: $Proxy139.findByEmail | Entity: repository | Timestamp: 1760297734114
2025-10-12 22:35:34.116 [http-nio-8084-exec-9] DEBUG DATA_ACCESS - DATA_ACCESS_SUCCESS | Operation: $Proxy140.findByEmail | Entity: repository | Timestamp: 1760297734116
2025-10-12 22:35:34.120 [http-nio-8084-exec-9] DEBUG DATA_ACCESS - DATA_ACCESS_SUCCESS | Operation: $Proxy139.findByEmail | Entity: repository | Timestamp: 1760297734120
2025-10-12 22:35:34.186 [http-nio-8084-exec-9] DEBUG DATA_ACCESS - DATA_ACCESS_SUCCESS | Operation: $Proxy139.save | Entity: repository | Timestamp: 1760297734186
2025-10-12 22:35:34.187 [http-nio-8084-exec-9] DEBUG DATA_ACCESS - DATA_ACCESS_SUCCESS | Operation: ClientServiceImpl.updateClientByEmail | Entity: service | Timestamp: 1760297734187
2025-10-12 22:35:34.202 [http-nio-8084-exec-10] DEBUG DATA_ACCESS - DATA_ACCESS_SUCCESS | Operation: $Proxy139.findByEmail | Entity: repository | Timestamp: 1760297734202
2025-10-12 22:35:34.203 [http-nio-8084-exec-10] DEBUG DATA_ACCESS - DATA_ACCESS_SUCCESS | Operation: $Proxy140.findByEmail | Entity: repository | Timestamp: 1760297734203
2025-10-12 22:35:34.205 [http-nio-8084-exec-10] DEBUG DATA_ACCESS - DATA_ACCESS_SUCCESS | Operation: $Proxy139.findByEmail | Entity: repository | Timestamp: 1760297734205
2025-10-12 22:35:34.205 [http-nio-8084-exec-10] DEBUG DATA_ACCESS - DATA_ACCESS_SUCCESS | Operation: ClientServiceImpl.getClientByEmail | Entity: service | Timestamp: 1760297734205
2025-10-12 22:35:38.750 [http-nio-8084-exec-1] DEBUG DATA_ACCESS - DATA_ACCESS_SUCCESS | Operation: $Proxy139.findByEmail | Entity: repository | Timestamp: 1760297738750
2025-10-12 22:35:38.752 [http-nio-8084-exec-1] DEBUG DATA_ACCESS - DATA_ACCESS_SUCCESS | Operation: $Proxy140.findByEmail | Entity: repository | Timestamp: 1760297738752
2025-10-12 22:35:38.753 [http-nio-8084-exec-1] DEBUG DATA_ACCESS - DATA_ACCESS_SUCCESS | Operation: GET_ALL_BOOKS | Entity: Book | Timestamp: 1760297738753
2025-10-12 22:35:38.754 [http-nio-8084-exec-1] DEBUG DATA_ACCESS - DATA_ACCESS_SUCCESS | Operation: $Proxy146.findAll | Entity: repository | Timestamp: 1760297738754
2025-10-12 22:35:38.755 [http-nio-8084-exec-1] DEBUG DATA_ACCESS - DATA_ACCESS_SUCCESS | Operation: BookServiceImpl.getAllBooks | Entity: service | Timestamp: 1760297738755
2025-10-12 22:35:40.338 [http-nio-8084-exec-2] DEBUG DATA_ACCESS - DATA_ACCESS_SUCCESS | Operation: $Proxy139.findByEmail | Entity: repository | Timestamp: 1760297740338
2025-10-12 22:35:40.340 [http-nio-8084-exec-2] DEBUG DATA_ACCESS - DATA_ACCESS_SUCCESS | Operation: $Proxy140.findByEmail | Entity: repository | Timestamp: 1760297740340
2025-10-12 22:35:40.343 [http-nio-8084-exec-2] DEBUG DATA_ACCESS - DATA_ACCESS_SUCCESS | Operation: $Proxy146.findByName | Entity: repository | Timestamp: 1760297740343
2025-10-12 22:35:40.343 [http-nio-8084-exec-2] DEBUG DATA_ACCESS - DATA_ACCESS_SUCCESS | Operation: BookServiceImpl.getBookByName | Entity: service | Timestamp: 1760297740343
2025-10-12 22:35:40.345 [http-nio-8084-exec-2] DEBUG DATA_ACCESS - DATA_ACCESS_SUCCESS | Operation: $Proxy146.findByName | Entity: repository | Timestamp: 1760297740345
2025-10-12 22:35:40.345 [http-nio-8084-exec-2] DEBUG DATA_ACCESS - DATA_ACCESS_SUCCESS | Operation: BookServiceImpl.getBookByName | Entity: service | Timestamp: 1760297740345
2025-10-12 22:35:40.346 [http-nio-8084-exec-2] DEBUG DATA_ACCESS - DATA_ACCESS_SUCCESS | Operation: $Proxy139.findByEmail | Entity: repository | Timestamp: 1760297740346
2025-10-12 22:35:40.347 [http-nio-8084-exec-2] DEBUG DATA_ACCESS - DATA_ACCESS_SUCCESS | Operation: ClientServiceImpl.getClientByEmail | Entity: service | Timestamp: 1760297740347
2025-10-12 22:35:40.348 [http-nio-8084-exec-2] DEBUG DATA_ACCESS - DATA_ACCESS_SUCCESS | Operation: $Proxy146.findByName | Entity: repository | Timestamp: 1760297740348
2025-10-12 22:35:40.348 [http-nio-8084-exec-2] DEBUG DATA_ACCESS - DATA_ACCESS_SUCCESS | Operation: BookServiceImpl.getBookByName | Entity: service | Timestamp: 1760297740348
2025-10-12 22:35:40.349 [http-nio-8084-exec-2] DEBUG DATA_ACCESS - DATA_ACCESS_SUCCESS | Operation: $Proxy146.findByName | Entity: repository | Timestamp: 1760297740349
2025-10-12 22:35:40.349 [http-nio-8084-exec-2] DEBUG DATA_ACCESS - DATA_ACCESS_SUCCESS | Operation: BookServiceImpl.getBookByName | Entity: service | Timestamp: 1760297740349
2025-10-12 22:35:40.351 [http-nio-8084-exec-2] DEBUG DATA_ACCESS - DATA_ACCESS_SUCCESS | Operation: $Proxy139.findByEmail | Entity: repository | Timestamp: 1760297740351
2025-10-12 22:35:40.352 [http-nio-8084-exec-2] DEBUG DATA_ACCESS - DATA_ACCESS_SUCCESS | Operation: $Proxy146.findByName | Entity: repository | Timestamp: 1760297740352
2025-10-12 22:35:40.353 [http-nio-8084-exec-2] DEBUG DATA_ACCESS - DATA_ACCESS_SUCCESS | Operation: $Proxy146.findByName | Entity: repository | Timestamp: 1760297740353
2025-10-12 22:35:40.366 [http-nio-8084-exec-2] DEBUG DATA_ACCESS - DATA_ACCESS_SUCCESS | Operation: $Proxy145.save | Entity: repository | Timestamp: 1760297740366
2025-10-12 22:35:40.369 [http-nio-8084-exec-2] DEBUG DATA_ACCESS - DATA_ACCESS_SUCCESS | Operation: OrderServiceImpl.addOrder | Entity: service | Timestamp: 1760297740369
2025-10-12 22:35:40.377 [http-nio-8084-exec-2] DEBUG DATA_ACCESS - DATA_ACCESS_SUCCESS | Operation: $Proxy139.findByEmail | Entity: repository | Timestamp: 1760297740377
2025-10-12 22:35:40.377 [http-nio-8084-exec-2] DEBUG DATA_ACCESS - DATA_ACCESS_SUCCESS | Operation: $Proxy139.save | Entity: repository | Timestamp: 1760297740377
2025-10-12 22:35:40.377 [http-nio-8084-exec-2] DEBUG DATA_ACCESS - DATA_ACCESS_SUCCESS | Operation: ClientServiceImpl.deductBalance | Entity: service | Timestamp: 1760297740377
2025-10-12 22:35:40.386 [http-nio-8084-exec-3] DEBUG DATA_ACCESS - DATA_ACCESS_SUCCESS | Operation: $Proxy139.findByEmail | Entity: repository | Timestamp: 1760297740386
2025-10-12 22:35:40.387 [http-nio-8084-exec-3] DEBUG DATA_ACCESS - DATA_ACCESS_SUCCESS | Operation: $Proxy140.findByEmail | Entity: repository | Timestamp: 1760297740387
2025-10-12 22:35:40.389 [http-nio-8084-exec-3] DEBUG DATA_ACCESS - DATA_ACCESS_SUCCESS | Operation: $Proxy139.findByEmail | Entity: repository | Timestamp: 1760297740389
2025-10-12 22:35:40.399 [http-nio-8084-exec-3] DEBUG DATA_ACCESS - DATA_ACCESS_SUCCESS | Operation: $Proxy145.findAllByClient | Entity: repository | Timestamp: 1760297740399
2025-10-12 22:35:40.405 [http-nio-8084-exec-3] DEBUG DATA_ACCESS - DATA_ACCESS_SUCCESS | Operation: OrderServiceImpl.getOrdersByClient | Entity: service | Timestamp: 1760297740405
2025-10-12 22:35:43.676 [http-nio-8084-exec-4] DEBUG DATA_ACCESS - DATA_ACCESS_SUCCESS | Operation: $Proxy139.findByEmail | Entity: repository | Timestamp: 1760297743676
2025-10-12 22:35:43.678 [http-nio-8084-exec-4] DEBUG DATA_ACCESS - DATA_ACCESS_SUCCESS | Operation: $Proxy140.findByEmail | Entity: repository | Timestamp: 1760297743678
2025-10-12 22:35:43.679 [http-nio-8084-exec-4] DEBUG DATA_ACCESS - DATA_ACCESS_SUCCESS | Operation: $Proxy139.findByEmail | Entity: repository | Timestamp: 1760297743679
2025-10-12 22:35:43.680 [http-nio-8084-exec-4] DEBUG DATA_ACCESS - DATA_ACCESS_SUCCESS | Operation: ClientServiceImpl.getClientByEmail | Entity: service | Timestamp: 1760297743680
2025-10-12 22:35:49.847 [http-nio-8084-exec-5] DEBUG DATA_ACCESS - DATA_ACCESS_SUCCESS | Operation: $Proxy139.findByEmail | Entity: repository | Timestamp: 1760297749847
2025-10-12 22:35:49.849 [http-nio-8084-exec-5] DEBUG DATA_ACCESS - DATA_ACCESS_SUCCESS | Operation: $Proxy140.findByEmail | Entity: repository | Timestamp: 1760297749849
2025-10-12 22:35:49.850 [http-nio-8084-exec-5] DEBUG DATA_ACCESS - DATA_ACCESS_SUCCESS | Operation: $Proxy139.findByEmail | Entity: repository | Timestamp: 1760297749850
2025-10-12 22:35:49.850 [http-nio-8084-exec-5] DEBUG DATA_ACCESS - DATA_ACCESS_SUCCESS | Operation: ClientServiceImpl.getClientByEmail | Entity: service | Timestamp: 1760297749850
2025-10-12 22:35:54.242 [http-nio-8084-exec-6] DEBUG DATA_ACCESS - DATA_ACCESS_SUCCESS | Operation: $Proxy139.findByEmail | Entity: repository | Timestamp: 1760297754242
2025-10-12 22:35:54.244 [http-nio-8084-exec-6] DEBUG DATA_ACCESS - DATA_ACCESS_SUCCESS | Operation: $Proxy140.findByEmail | Entity: repository | Timestamp: 1760297754244
2025-10-12 22:35:54.245 [http-nio-8084-exec-6] DEBUG DATA_ACCESS - DATA_ACCESS_SUCCESS | Operation: GET_ALL_BOOKS | Entity: Book | Timestamp: 1760297754245
2025-10-12 22:35:54.247 [http-nio-8084-exec-6] DEBUG DATA_ACCESS - DATA_ACCESS_SUCCESS | Operation: $Proxy146.findAll | Entity: repository | Timestamp: 1760297754247
2025-10-12 22:35:54.248 [http-nio-8084-exec-6] DEBUG DATA_ACCESS - DATA_ACCESS_SUCCESS | Operation: BookServiceImpl.getAllBooks | Entity: service | Timestamp: 1760297754248
2025-10-12 22:35:54.746 [http-nio-8084-exec-7] DEBUG DATA_ACCESS - DATA_ACCESS_SUCCESS | Operation: $Proxy139.findByEmail | Entity: repository | Timestamp: 1760297754746
2025-10-12 22:35:54.748 [http-nio-8084-exec-7] DEBUG DATA_ACCESS - DATA_ACCESS_SUCCESS | Operation: $Proxy140.findByEmail | Entity: repository | Timestamp: 1760297754748
2025-10-12 22:35:54.749 [http-nio-8084-exec-7] DEBUG DATA_ACCESS - DATA_ACCESS_SUCCESS | Operation: GET_ALL_BOOKS | Entity: Book | Timestamp: 1760297754749
2025-10-12 22:35:54.751 [http-nio-8084-exec-7] DEBUG DATA_ACCESS - DATA_ACCESS_SUCCESS | Operation: $Proxy146.findAll | Entity: repository | Timestamp: 1760297754751
2025-10-12 22:35:54.752 [http-nio-8084-exec-7] DEBUG DATA_ACCESS - DATA_ACCESS_SUCCESS | Operation: BookServiceImpl.getAllBooks | Entity: service | Timestamp: 1760297754752
2025-10-12 22:35:59.924 [http-nio-8084-exec-8] DEBUG DATA_ACCESS - DATA_ACCESS_SUCCESS | Operation: $Proxy139.findByEmail | Entity: repository | Timestamp: 1760297759924
2025-10-12 22:35:59.926 [http-nio-8084-exec-8] DEBUG DATA_ACCESS - DATA_ACCESS_SUCCESS | Operation: $Proxy140.findByEmail | Entity: repository | Timestamp: 1760297759926
